[0.031s] Invoking command in '/home/arthemis/Documents/courses/ROS2_CPP/Workspaces/ros2_cpp_ws/build/udemy_ros2_pkg': CMAKE_PREFIX_PATH=/opt/ros/humble /usr/bin/cmake /home/arthemis/Documents/courses/ROS2_CPP/Workspaces/ros2_cpp_ws/src/udemy_ros2_pkg -DAMENT_CMAKE_SYMLINK_INSTALL=1 -DCMAKE_INSTALL_PREFIX=/home/arthemis/Documents/courses/ROS2_CPP/Workspaces/ros2_cpp_ws/install/udemy_ros2_pkg
[0.044s] -- Found ament_cmake: 1.3.6 (/opt/ros/humble/share/ament_cmake/cmake)
[0.192s] -- Override CMake install command with custom implementation using symlinks instead of copying resources
[0.199s] -- Found rclcpp: 16.0.7 (/opt/ros/humble/share/rclcpp/cmake)
[0.436s] -- Found rosidl_generator_c: 3.1.5 (/opt/ros/humble/share/rosidl_generator_c/cmake)
[0.438s] -- Found rosidl_adapter: 3.1.5 (/opt/ros/humble/share/rosidl_adapter/cmake)
[0.445s] -- Found rosidl_generator_cpp: 3.1.5 (/opt/ros/humble/share/rosidl_generator_cpp/cmake)
[0.462s] -- Using all available rosidl_typesupport_c: rosidl_typesupport_fastrtps_c;rosidl_typesupport_introspection_c
[0.496s] -- Using all available rosidl_typesupport_cpp: rosidl_typesupport_fastrtps_cpp;rosidl_typesupport_introspection_cpp
[0.583s] -- Found rmw_implementation_cmake: 6.1.1 (/opt/ros/humble/share/rmw_implementation_cmake/cmake)
[0.585s] -- Found rmw_fastrtps_cpp: 6.2.5 (/opt/ros/humble/share/rmw_fastrtps_cpp/cmake)
[6.841s] -- Using RMW implementation 'rmw_fastrtps_cpp' as default
[7.005s] -- Found rosidl_default_generators: 1.2.0 (/opt/ros/humble/share/rosidl_default_generators/cmake)
[7.019s] -- Found cv_bridge: 3.2.1 (/opt/ros/humble/share/cv_bridge/cmake)
[7.430s] -- Found ament_cmake_cppcheck: 0.12.9 (/opt/ros/humble/share/ament_cmake_cppcheck/cmake)
[7.430s] -- Found ament_cmake_cpplint: 0.12.9 (/opt/ros/humble/share/ament_cmake_cpplint/cmake)
[7.431s] -- Found ament_cmake_uncrustify: 0.12.9 (/opt/ros/humble/share/ament_cmake_uncrustify/cmake)
[7.432s] -- Found ament_cmake_ros: 0.10.0 (/opt/ros/humble/share/ament_cmake_ros/cmake)
[7.874s] -- Using all available rosidl_typesupport_c: rosidl_typesupport_fastrtps_c;rosidl_typesupport_introspection_c
[8.041s] -- Using all available rosidl_typesupport_cpp: rosidl_typesupport_fastrtps_cpp;rosidl_typesupport_introspection_cpp
[8.060s] -- Found python_cmake_module: 0.10.0 (/opt/ros/humble/share/python_cmake_module/cmake)
[8.082s] -- Using PYTHON_EXECUTABLE: /usr/bin/python3
[8.082s] -- Using PYTHON_INCLUDE_DIRS: /usr/include/python3.10
[8.082s] -- Using PYTHON_LIBRARIES: /usr/lib/x86_64-linux-gnu/libpython3.10.so
[8.134s] -- Found ament_cmake_flake8: 0.12.9 (/opt/ros/humble/share/ament_cmake_flake8/cmake)
[8.135s] -- Found ament_cmake_pep257: 0.12.9 (/opt/ros/humble/share/ament_cmake_pep257/cmake)
[8.147s] -- Found ament_lint_auto: 0.12.9 (/opt/ros/humble/share/ament_lint_auto/cmake)
[8.155s] -- Added test 'cppcheck' to perform static code analysis on C / C++ code
[8.156s] -- Configured cppcheck include dirs: 
[8.156s] -- Configured cppcheck exclude dirs and/or files: 
[8.156s] -- Added test 'cpplint' to check C / C++ code against the Google style
[8.156s] -- Configured cpplint exclude dirs and/or files: 
[8.157s] -- Added test 'uncrustify' to check C / C++ code style
[8.157s] -- Configured uncrustify additional arguments: 
[8.158s] -- Added test 'flake8' to check Python code syntax and style conventions
[8.158s] -- Added test 'pep257' to check Python code against some of the docstring style conventions in PEP 257
[8.159s] -- Added test 'lint_cmake' to check CMake code style
[8.159s] -- Added test 'xmllint' to check XML markup files
[8.161s] -- Configuring done
[8.239s] -- Generating done
[8.246s] -- Build files have been written to: /home/arthemis/Documents/courses/ROS2_CPP/Workspaces/ros2_cpp_ws/build/udemy_ros2_pkg
[8.258s] Invoked command in '/home/arthemis/Documents/courses/ROS2_CPP/Workspaces/ros2_cpp_ws/build/udemy_ros2_pkg' returned '0': CMAKE_PREFIX_PATH=/opt/ros/humble /usr/bin/cmake /home/arthemis/Documents/courses/ROS2_CPP/Workspaces/ros2_cpp_ws/src/udemy_ros2_pkg -DAMENT_CMAKE_SYMLINK_INSTALL=1 -DCMAKE_INSTALL_PREFIX=/home/arthemis/Documents/courses/ROS2_CPP/Workspaces/ros2_cpp_ws/install/udemy_ros2_pkg
[8.262s] Invoking command in '/home/arthemis/Documents/courses/ROS2_CPP/Workspaces/ros2_cpp_ws/build/udemy_ros2_pkg': CMAKE_PREFIX_PATH=/opt/ros/humble /usr/bin/cmake --build /home/arthemis/Documents/courses/ROS2_CPP/Workspaces/ros2_cpp_ws/build/udemy_ros2_pkg -- -j12 -l12
[8.297s] [  1%] [34m[1mGenerating C code for ROS interfaces[0m
[8.297s] [35m[1mConsolidate compiler generated dependencies of target subscriber[0m
[8.297s] [35m[1mConsolidate compiler generated dependencies of target publisher[0m
[8.298s] [35m[1mConsolidate compiler generated dependencies of target rpm_pub[0m
[8.305s] [35m[1mConsolidate compiler generated dependencies of target speed_calculation[0m
[8.309s] [  3%] [34m[1mGenerating C++ code for ROS interfaces[0m
[8.321s] [  7%] Built target subscriber
[8.321s] [ 10%] Built target publisher
[8.322s] [ 10%] Built target ament_cmake_python_symlink_udemy_ros2_pkg
[8.323s] [ 14%] Built target rpm_pub
[8.331s] [ 18%] Built target speed_calculation
[8.580s] running egg_info
[8.597s] writing udemy_ros2_pkg.egg-info/PKG-INFO
[8.597s] writing dependency_links to udemy_ros2_pkg.egg-info/dependency_links.txt
[8.598s] writing top-level names to udemy_ros2_pkg.egg-info/top_level.txt
[8.657s] reading manifest file 'udemy_ros2_pkg.egg-info/SOURCES.txt'
[8.658s] writing manifest file 'udemy_ros2_pkg.egg-info/SOURCES.txt'
[8.690s] [ 18%] Built target ament_cmake_python_build_udemy_ros2_pkg_egg
[8.771s] [ 18%] Built target udemy_ros2_pkg__cpp
[8.781s] [ 21%] [34m[1mGenerating C++ type support dispatch for ROS interfaces[0m
[8.781s] [ 21%] [34m[1mGenerating C++ type support for eProsima Fast-RTPS[0m
[8.784s] [ 23%] [34m[1mGenerating C++ introspection for ROS interfaces[0m
[8.794s] [35m[1mConsolidate compiler generated dependencies of target udemy_ros2_pkg__rosidl_generator_c[0m
[8.804s] [ 25%] [32mBuilding C object CMakeFiles/udemy_ros2_pkg__rosidl_generator_c.dir/rosidl_generator_c/udemy_ros2_pkg/srv/detail/odd_even_check__functions.c.o[0m
[8.805s] [ 27%] [32mBuilding C object CMakeFiles/udemy_ros2_pkg__rosidl_generator_c.dir/rosidl_generator_c/udemy_ros2_pkg/srv/detail/image_from_angle__functions.c.o[0m
[9.034s] [ 29%] [32m[1mLinking C shared library libudemy_ros2_pkg__rosidl_generator_c.so[0m
[9.136s] [35m[1mConsolidate compiler generated dependencies of target udemy_ros2_pkg__rosidl_typesupport_cpp[0m
[9.150s] [ 30%] [32mBuilding CXX object CMakeFiles/udemy_ros2_pkg__rosidl_typesupport_cpp.dir/rosidl_typesupport_cpp/udemy_ros2_pkg/srv/image_from_angle__type_support.cpp.o[0m
[9.151s] [ 32%] [32mBuilding CXX object CMakeFiles/udemy_ros2_pkg__rosidl_typesupport_cpp.dir/rosidl_typesupport_cpp/udemy_ros2_pkg/srv/odd_even_check__type_support.cpp.o[0m
[9.171s] [35m[1mConsolidate compiler generated dependencies of target udemy_ros2_pkg__rosidl_typesupport_introspection_cpp[0m
[9.181s] [ 32%] Built target udemy_ros2_pkg__rosidl_generator_c
[9.185s] [ 36%] [32mBuilding CXX object CMakeFiles/udemy_ros2_pkg__rosidl_typesupport_introspection_cpp.dir/rosidl_typesupport_introspection_cpp/udemy_ros2_pkg/srv/detail/odd_even_check__type_support.cpp.o[0m
[9.185s] [ 36%] [32mBuilding CXX object CMakeFiles/udemy_ros2_pkg__rosidl_typesupport_introspection_cpp.dir/rosidl_typesupport_introspection_cpp/udemy_ros2_pkg/srv/detail/image_from_angle__type_support.cpp.o[0m
[9.190s] [ 38%] [34m[1mGenerating C introspection for ROS interfaces[0m
[9.190s] [ 40%] [34m[1mGenerating C type support dispatch for ROS interfaces[0m
[9.190s] [ 41%] [34m[1mGenerating C type support for eProsima Fast-RTPS[0m
[9.245s] [35m[1mConsolidate compiler generated dependencies of target udemy_ros2_pkg__rosidl_typesupport_fastrtps_cpp[0m
[9.271s] [ 45%] [32mBuilding CXX object CMakeFiles/udemy_ros2_pkg__rosidl_typesupport_fastrtps_cpp.dir/rosidl_typesupport_fastrtps_cpp/udemy_ros2_pkg/srv/detail/dds_fastrtps/odd_even_check__type_support.cpp.o[0m
[9.271s] [ 45%] [32mBuilding CXX object CMakeFiles/udemy_ros2_pkg__rosidl_typesupport_fastrtps_cpp.dir/rosidl_typesupport_fastrtps_cpp/udemy_ros2_pkg/srv/detail/dds_fastrtps/image_from_angle__type_support.cpp.o[0m
[9.640s] [35m[1mConsolidate compiler generated dependencies of target udemy_ros2_pkg__rosidl_typesupport_c[0m
[9.668s] [ 47%] [32mBuilding CXX object CMakeFiles/udemy_ros2_pkg__rosidl_typesupport_c.dir/rosidl_typesupport_c/udemy_ros2_pkg/srv/image_from_angle__type_support.cpp.o[0m
[9.678s] [ 49%] [32mBuilding CXX object CMakeFiles/udemy_ros2_pkg__rosidl_typesupport_c.dir/rosidl_typesupport_c/udemy_ros2_pkg/srv/odd_even_check__type_support.cpp.o[0m
[9.731s] [ 50%] [32m[1mLinking CXX shared library libudemy_ros2_pkg__rosidl_typesupport_cpp.so[0m
[9.770s] [35m[1mConsolidate compiler generated dependencies of target udemy_ros2_pkg__rosidl_typesupport_fastrtps_c[0m
[9.788s] [ 52%] [32m[1mLinking CXX shared library libudemy_ros2_pkg__rosidl_typesupport_c.so[0m
[9.799s] [ 54%] [32mBuilding CXX object CMakeFiles/udemy_ros2_pkg__rosidl_typesupport_fastrtps_c.dir/rosidl_typesupport_fastrtps_c/udemy_ros2_pkg/srv/detail/odd_even_check__type_support_c.cpp.o[0m
[9.812s] [ 56%] [32mBuilding CXX object CMakeFiles/udemy_ros2_pkg__rosidl_typesupport_fastrtps_c.dir/rosidl_typesupport_fastrtps_c/udemy_ros2_pkg/srv/detail/image_from_angle__type_support_c.cpp.o[0m
[9.964s] [ 58%] [32m[1mLinking CXX shared library libudemy_ros2_pkg__rosidl_typesupport_introspection_cpp.so[0m
[9.972s] [35m[1mConsolidate compiler generated dependencies of target udemy_ros2_pkg__rosidl_typesupport_introspection_c[0m
[10.006s] [ 60%] [32mBuilding C object CMakeFiles/udemy_ros2_pkg__rosidl_typesupport_introspection_c.dir/rosidl_typesupport_introspection_c/udemy_ros2_pkg/srv/detail/odd_even_check__type_support.c.o[0m
[10.007s] [ 61%] [32mBuilding C object CMakeFiles/udemy_ros2_pkg__rosidl_typesupport_introspection_c.dir/rosidl_typesupport_introspection_c/udemy_ros2_pkg/srv/detail/image_from_angle__type_support.c.o[0m
[10.085s] [ 63%] [32m[1mLinking C shared library libudemy_ros2_pkg__rosidl_typesupport_introspection_c.so[0m
[10.099s] [ 63%] Built target udemy_ros2_pkg__rosidl_typesupport_cpp
[10.119s] [35m[1mConsolidate compiler generated dependencies of target service_client[0m
[10.122s] [35m[1mConsolidate compiler generated dependencies of target camera_service[0m
[10.127s] [35m[1mConsolidate compiler generated dependencies of target camera_client[0m
[10.131s] [35m[1mConsolidate compiler generated dependencies of target service_server[0m
[10.146s] [ 63%] Built target udemy_ros2_pkg__rosidl_typesupport_c
[10.161s] [ 65%] [32mBuilding CXX object CMakeFiles/service_client.dir/src/service_client.cpp.o[0m
[10.171s] [ 67%] [32mBuilding CXX object CMakeFiles/camera_service.dir/src/camera_service.cpp.o[0m
[10.184s] [ 69%] [32mBuilding CXX object CMakeFiles/service_server.dir/src/service_server.cpp.o[0m
[10.194s] [ 70%] [32mBuilding CXX object CMakeFiles/camera_client.dir/src/camera_client.cpp.o[0m
[10.260s] [ 70%] Built target udemy_ros2_pkg__rosidl_typesupport_introspection_cpp
[10.403s] [ 72%] [32m[1mLinking CXX shared library libudemy_ros2_pkg__rosidl_typesupport_fastrtps_cpp.so[0m
[10.414s] [ 72%] Built target udemy_ros2_pkg__rosidl_typesupport_introspection_c
[10.806s] [ 74%] [32m[1mLinking CXX shared library libudemy_ros2_pkg__rosidl_typesupport_fastrtps_c.so[0m
[10.895s] [ 74%] Built target udemy_ros2_pkg__rosidl_typesupport_fastrtps_cpp
[11.064s] [ 74%] Built target udemy_ros2_pkg__rosidl_typesupport_fastrtps_c
[11.092s] [ 74%] Built target udemy_ros2_pkg
[11.114s] [ 76%] [34m[1mGenerating Python code for ROS interfaces[0m
[11.961s] [ 76%] Built target udemy_ros2_pkg__py
[11.971s] [35m[1mConsolidate compiler generated dependencies of target udemy_ros2_pkg__rosidl_generator_py[0m
[11.990s] [ 78%] [32mBuilding C object CMakeFiles/udemy_ros2_pkg__rosidl_generator_py.dir/rosidl_generator_py/udemy_ros2_pkg/srv/_odd_even_check_s.c.o[0m
[11.991s] [ 80%] [32mBuilding C object CMakeFiles/udemy_ros2_pkg__rosidl_generator_py.dir/rosidl_generator_py/udemy_ros2_pkg/srv/_image_from_angle_s.c.o[0m
[12.211s] [ 81%] [32m[1mLinking C shared library rosidl_generator_py/udemy_ros2_pkg/libudemy_ros2_pkg__rosidl_generator_py.so[0m
[12.402s] [ 81%] Built target udemy_ros2_pkg__rosidl_generator_py
[12.412s] [35m[1mConsolidate compiler generated dependencies of target udemy_ros2_pkg__rosidl_typesupport_introspection_c__pyext[0m
[12.413s] [35m[1mConsolidate compiler generated dependencies of target udemy_ros2_pkg__rosidl_typesupport_c__pyext[0m
[12.419s] [35m[1mConsolidate compiler generated dependencies of target udemy_ros2_pkg__rosidl_typesupport_fastrtps_c__pyext[0m
[12.443s] [ 83%] [32mBuilding C object CMakeFiles/udemy_ros2_pkg__rosidl_typesupport_introspection_c__pyext.dir/rosidl_generator_py/udemy_ros2_pkg/_udemy_ros2_pkg_s.ep.rosidl_typesupport_introspection_c.c.o[0m
[12.445s] [ 85%] [32mBuilding C object CMakeFiles/udemy_ros2_pkg__rosidl_typesupport_fastrtps_c__pyext.dir/rosidl_generator_py/udemy_ros2_pkg/_udemy_ros2_pkg_s.ep.rosidl_typesupport_fastrtps_c.c.o[0m
[12.455s] [ 87%] [32mBuilding C object CMakeFiles/udemy_ros2_pkg__rosidl_typesupport_c__pyext.dir/rosidl_generator_py/udemy_ros2_pkg/_udemy_ros2_pkg_s.ep.rosidl_typesupport_c.c.o[0m
[12.741s] [ 89%] [32m[1mLinking C shared library rosidl_generator_py/udemy_ros2_pkg/udemy_ros2_pkg_s__rosidl_typesupport_introspection_c.cpython-310-x86_64-linux-gnu.so[0m
[12.759s] [ 90%] [32m[1mLinking C shared library rosidl_generator_py/udemy_ros2_pkg/udemy_ros2_pkg_s__rosidl_typesupport_fastrtps_c.cpython-310-x86_64-linux-gnu.so[0m
[12.786s] [ 92%] [32m[1mLinking C shared library rosidl_generator_py/udemy_ros2_pkg/udemy_ros2_pkg_s__rosidl_typesupport_c.cpython-310-x86_64-linux-gnu.so[0m
[13.008s] [ 92%] Built target udemy_ros2_pkg__rosidl_typesupport_fastrtps_c__pyext
[13.008s] [ 92%] Built target udemy_ros2_pkg__rosidl_typesupport_introspection_c__pyext
[13.052s] [ 92%] Built target udemy_ros2_pkg__rosidl_typesupport_c__pyext
[17.439s] [ 94%] [32m[1mLinking CXX executable service_client[0m
[17.557s] [ 96%] [32m[1mLinking CXX executable service_server[0m
[17.760s] [ 96%] Built target service_client
[17.872s] [ 96%] Built target service_server
[17.947s] [ 98%] [32m[1mLinking CXX executable camera_client[0m
[18.200s] [100%] [32m[1mLinking CXX executable camera_service[0m
[18.560s] [100%] Built target camera_client
[18.804s] [100%] Built target camera_service
[18.816s] Invoked command in '/home/arthemis/Documents/courses/ROS2_CPP/Workspaces/ros2_cpp_ws/build/udemy_ros2_pkg' returned '0': CMAKE_PREFIX_PATH=/opt/ros/humble /usr/bin/cmake --build /home/arthemis/Documents/courses/ROS2_CPP/Workspaces/ros2_cpp_ws/build/udemy_ros2_pkg -- -j12 -l12
[18.927s] Invoking command in '/home/arthemis/Documents/courses/ROS2_CPP/Workspaces/ros2_cpp_ws/build/udemy_ros2_pkg': CMAKE_PREFIX_PATH=/opt/ros/humble /usr/bin/cmake --install /home/arthemis/Documents/courses/ROS2_CPP/Workspaces/ros2_cpp_ws/build/udemy_ros2_pkg
[18.933s] -- Install configuration: "RelWithDebInfo"
[18.933s] -- Execute custom install script
[18.934s] -- Up-to-date symlink: /home/arthemis/Documents/courses/ROS2_CPP/Workspaces/ros2_cpp_ws/install/udemy_ros2_pkg/share/ament_index/resource_index/rosidl_interfaces/udemy_ros2_pkg
[18.934s] -- Up-to-date symlink: /home/arthemis/Documents/courses/ROS2_CPP/Workspaces/ros2_cpp_ws/install/udemy_ros2_pkg/include/udemy_ros2_pkg/udemy_ros2_pkg/msg/rosidl_generator_c__visibility_control.h
[18.934s] -- Up-to-date symlink: /home/arthemis/Documents/courses/ROS2_CPP/Workspaces/ros2_cpp_ws/install/udemy_ros2_pkg/include/udemy_ros2_pkg/udemy_ros2_pkg/srv/detail/image_from_angle__functions.h
[18.935s] -- Up-to-date symlink: /home/arthemis/Documents/courses/ROS2_CPP/Workspaces/ros2_cpp_ws/install/udemy_ros2_pkg/include/udemy_ros2_pkg/udemy_ros2_pkg/srv/detail/image_from_angle__struct.h
[18.935s] -- Up-to-date symlink: /home/arthemis/Documents/courses/ROS2_CPP/Workspaces/ros2_cpp_ws/install/udemy_ros2_pkg/include/udemy_ros2_pkg/udemy_ros2_pkg/srv/detail/image_from_angle__type_support.h
[18.935s] -- Up-to-date symlink: /home/arthemis/Documents/courses/ROS2_CPP/Workspaces/ros2_cpp_ws/install/udemy_ros2_pkg/include/udemy_ros2_pkg/udemy_ros2_pkg/srv/detail/odd_even_check__functions.h
[18.936s] -- Up-to-date symlink: /home/arthemis/Documents/courses/ROS2_CPP/Workspaces/ros2_cpp_ws/install/udemy_ros2_pkg/include/udemy_ros2_pkg/udemy_ros2_pkg/srv/detail/odd_even_check__struct.h
[18.936s] -- Up-to-date symlink: /home/arthemis/Documents/courses/ROS2_CPP/Workspaces/ros2_cpp_ws/install/udemy_ros2_pkg/include/udemy_ros2_pkg/udemy_ros2_pkg/srv/detail/odd_even_check__type_support.h
[18.936s] -- Up-to-date symlink: /home/arthemis/Documents/courses/ROS2_CPP/Workspaces/ros2_cpp_ws/install/udemy_ros2_pkg/include/udemy_ros2_pkg/udemy_ros2_pkg/srv/image_from_angle.h
[18.936s] -- Up-to-date symlink: /home/arthemis/Documents/courses/ROS2_CPP/Workspaces/ros2_cpp_ws/install/udemy_ros2_pkg/include/udemy_ros2_pkg/udemy_ros2_pkg/srv/odd_even_check.h
[18.936s] -- Up-to-date symlink: /home/arthemis/Documents/courses/ROS2_CPP/Workspaces/ros2_cpp_ws/install/udemy_ros2_pkg/share/udemy_ros2_pkg/environment/library_path.sh
[18.936s] -- Up-to-date symlink: /home/arthemis/Documents/courses/ROS2_CPP/Workspaces/ros2_cpp_ws/install/udemy_ros2_pkg/share/udemy_ros2_pkg/environment/library_path.dsv
[18.937s] -- Up-to-date symlink: /home/arthemis/Documents/courses/ROS2_CPP/Workspaces/ros2_cpp_ws/install/udemy_ros2_pkg/include/udemy_ros2_pkg/udemy_ros2_pkg/msg/rosidl_typesupport_fastrtps_c__visibility_control.h
[18.937s] -- Up-to-date symlink: /home/arthemis/Documents/courses/ROS2_CPP/Workspaces/ros2_cpp_ws/install/udemy_ros2_pkg/include/udemy_ros2_pkg/udemy_ros2_pkg/srv/detail/image_from_angle__rosidl_typesupport_fastrtps_c.h
[18.937s] -- Up-to-date symlink: /home/arthemis/Documents/courses/ROS2_CPP/Workspaces/ros2_cpp_ws/install/udemy_ros2_pkg/include/udemy_ros2_pkg/udemy_ros2_pkg/srv/detail/odd_even_check__rosidl_typesupport_fastrtps_c.h
[18.937s] -- Up-to-date symlink: /home/arthemis/Documents/courses/ROS2_CPP/Workspaces/ros2_cpp_ws/install/udemy_ros2_pkg/include/udemy_ros2_pkg/udemy_ros2_pkg/srv/detail/image_from_angle__builder.hpp
[18.938s] -- Up-to-date symlink: /home/arthemis/Documents/courses/ROS2_CPP/Workspaces/ros2_cpp_ws/install/udemy_ros2_pkg/include/udemy_ros2_pkg/udemy_ros2_pkg/srv/detail/image_from_angle__struct.hpp
[18.938s] -- Up-to-date symlink: /home/arthemis/Documents/courses/ROS2_CPP/Workspaces/ros2_cpp_ws/install/udemy_ros2_pkg/include/udemy_ros2_pkg/udemy_ros2_pkg/srv/detail/image_from_angle__traits.hpp
[18.938s] -- Up-to-date symlink: /home/arthemis/Documents/courses/ROS2_CPP/Workspaces/ros2_cpp_ws/install/udemy_ros2_pkg/include/udemy_ros2_pkg/udemy_ros2_pkg/srv/detail/odd_even_check__builder.hpp
[18.938s] -- Up-to-date symlink: /home/arthemis/Documents/courses/ROS2_CPP/Workspaces/ros2_cpp_ws/install/udemy_ros2_pkg/include/udemy_ros2_pkg/udemy_ros2_pkg/srv/detail/odd_even_check__struct.hpp
[18.938s] -- Up-to-date symlink: /home/arthemis/Documents/courses/ROS2_CPP/Workspaces/ros2_cpp_ws/install/udemy_ros2_pkg/include/udemy_ros2_pkg/udemy_ros2_pkg/srv/detail/odd_even_check__traits.hpp
[18.939s] -- Up-to-date symlink: /home/arthemis/Documents/courses/ROS2_CPP/Workspaces/ros2_cpp_ws/install/udemy_ros2_pkg/include/udemy_ros2_pkg/udemy_ros2_pkg/srv/image_from_angle.hpp
[18.939s] -- Up-to-date symlink: /home/arthemis/Documents/courses/ROS2_CPP/Workspaces/ros2_cpp_ws/install/udemy_ros2_pkg/include/udemy_ros2_pkg/udemy_ros2_pkg/srv/odd_even_check.hpp
[18.939s] -- Up-to-date symlink: /home/arthemis/Documents/courses/ROS2_CPP/Workspaces/ros2_cpp_ws/install/udemy_ros2_pkg/include/udemy_ros2_pkg/udemy_ros2_pkg/msg/rosidl_typesupport_fastrtps_cpp__visibility_control.h
[18.940s] -- Up-to-date symlink: /home/arthemis/Documents/courses/ROS2_CPP/Workspaces/ros2_cpp_ws/install/udemy_ros2_pkg/include/udemy_ros2_pkg/udemy_ros2_pkg/srv/detail/image_from_angle__rosidl_typesupport_fastrtps_cpp.hpp
[18.940s] -- Up-to-date symlink: /home/arthemis/Documents/courses/ROS2_CPP/Workspaces/ros2_cpp_ws/install/udemy_ros2_pkg/include/udemy_ros2_pkg/udemy_ros2_pkg/srv/detail/odd_even_check__rosidl_typesupport_fastrtps_cpp.hpp
[18.940s] -- Up-to-date symlink: /home/arthemis/Documents/courses/ROS2_CPP/Workspaces/ros2_cpp_ws/install/udemy_ros2_pkg/include/udemy_ros2_pkg/udemy_ros2_pkg/msg/rosidl_typesupport_introspection_c__visibility_control.h
[18.941s] -- Up-to-date symlink: /home/arthemis/Documents/courses/ROS2_CPP/Workspaces/ros2_cpp_ws/install/udemy_ros2_pkg/include/udemy_ros2_pkg/udemy_ros2_pkg/srv/detail/image_from_angle__rosidl_typesupport_introspection_c.h
[18.941s] -- Up-to-date symlink: /home/arthemis/Documents/courses/ROS2_CPP/Workspaces/ros2_cpp_ws/install/udemy_ros2_pkg/include/udemy_ros2_pkg/udemy_ros2_pkg/srv/detail/odd_even_check__rosidl_typesupport_introspection_c.h
[18.941s] -- Up-to-date symlink: /home/arthemis/Documents/courses/ROS2_CPP/Workspaces/ros2_cpp_ws/install/udemy_ros2_pkg/include/udemy_ros2_pkg/udemy_ros2_pkg/srv/detail/image_from_angle__rosidl_typesupport_introspection_cpp.hpp
[18.942s] -- Up-to-date symlink: /home/arthemis/Documents/courses/ROS2_CPP/Workspaces/ros2_cpp_ws/install/udemy_ros2_pkg/include/udemy_ros2_pkg/udemy_ros2_pkg/srv/detail/odd_even_check__rosidl_typesupport_introspection_cpp.hpp
[18.942s] -- Up-to-date symlink: /home/arthemis/Documents/courses/ROS2_CPP/Workspaces/ros2_cpp_ws/install/udemy_ros2_pkg/share/udemy_ros2_pkg/environment/pythonpath.sh
[18.942s] -- Up-to-date symlink: /home/arthemis/Documents/courses/ROS2_CPP/Workspaces/ros2_cpp_ws/install/udemy_ros2_pkg/share/udemy_ros2_pkg/environment/pythonpath.dsv
[18.943s] -- Up-to-date symlink: /home/arthemis/Documents/courses/ROS2_CPP/Workspaces/ros2_cpp_ws/install/udemy_ros2_pkg/local/lib/python3.10/dist-packages/udemy_ros2_pkg-0.0.0-py3.10.egg-info/PKG-INFO
[18.943s] -- Up-to-date symlink: /home/arthemis/Documents/courses/ROS2_CPP/Workspaces/ros2_cpp_ws/install/udemy_ros2_pkg/local/lib/python3.10/dist-packages/udemy_ros2_pkg-0.0.0-py3.10.egg-info/SOURCES.txt
[18.943s] -- Up-to-date symlink: /home/arthemis/Documents/courses/ROS2_CPP/Workspaces/ros2_cpp_ws/install/udemy_ros2_pkg/local/lib/python3.10/dist-packages/udemy_ros2_pkg-0.0.0-py3.10.egg-info/dependency_links.txt
[18.943s] -- Up-to-date symlink: /home/arthemis/Documents/courses/ROS2_CPP/Workspaces/ros2_cpp_ws/install/udemy_ros2_pkg/local/lib/python3.10/dist-packages/udemy_ros2_pkg-0.0.0-py3.10.egg-info/top_level.txt
[18.944s] -- Up-to-date symlink: /home/arthemis/Documents/courses/ROS2_CPP/Workspaces/ros2_cpp_ws/install/udemy_ros2_pkg/local/lib/python3.10/dist-packages/udemy_ros2_pkg/__init__.py
[18.944s] -- Up-to-date symlink: /home/arthemis/Documents/courses/ROS2_CPP/Workspaces/ros2_cpp_ws/install/udemy_ros2_pkg/local/lib/python3.10/dist-packages/udemy_ros2_pkg/_udemy_ros2_pkg_s.ep.rosidl_typesupport_c.c
[18.945s] -- Up-to-date symlink: /home/arthemis/Documents/courses/ROS2_CPP/Workspaces/ros2_cpp_ws/install/udemy_ros2_pkg/local/lib/python3.10/dist-packages/udemy_ros2_pkg/_udemy_ros2_pkg_s.ep.rosidl_typesupport_fastrtps_c.c
[18.945s] -- Up-to-date symlink: /home/arthemis/Documents/courses/ROS2_CPP/Workspaces/ros2_cpp_ws/install/udemy_ros2_pkg/local/lib/python3.10/dist-packages/udemy_ros2_pkg/_udemy_ros2_pkg_s.ep.rosidl_typesupport_introspection_c.c
[18.945s] -- Up-to-date symlink: /home/arthemis/Documents/courses/ROS2_CPP/Workspaces/ros2_cpp_ws/install/udemy_ros2_pkg/local/lib/python3.10/dist-packages/udemy_ros2_pkg/libudemy_ros2_pkg__rosidl_generator_py.so
[18.946s] -- Up-to-date symlink: /home/arthemis/Documents/courses/ROS2_CPP/Workspaces/ros2_cpp_ws/install/udemy_ros2_pkg/local/lib/python3.10/dist-packages/udemy_ros2_pkg/srv/__init__.py
[18.946s] -- Up-to-date symlink: /home/arthemis/Documents/courses/ROS2_CPP/Workspaces/ros2_cpp_ws/install/udemy_ros2_pkg/local/lib/python3.10/dist-packages/udemy_ros2_pkg/srv/_image_from_angle.py
[18.946s] -- Up-to-date symlink: /home/arthemis/Documents/courses/ROS2_CPP/Workspaces/ros2_cpp_ws/install/udemy_ros2_pkg/local/lib/python3.10/dist-packages/udemy_ros2_pkg/srv/_image_from_angle_s.c
[18.946s] -- Up-to-date symlink: /home/arthemis/Documents/courses/ROS2_CPP/Workspaces/ros2_cpp_ws/install/udemy_ros2_pkg/local/lib/python3.10/dist-packages/udemy_ros2_pkg/srv/_odd_even_check.py
[18.947s] -- Up-to-date symlink: /home/arthemis/Documents/courses/ROS2_CPP/Workspaces/ros2_cpp_ws/install/udemy_ros2_pkg/local/lib/python3.10/dist-packages/udemy_ros2_pkg/srv/_odd_even_check_s.c
[18.947s] -- Up-to-date symlink: /home/arthemis/Documents/courses/ROS2_CPP/Workspaces/ros2_cpp_ws/install/udemy_ros2_pkg/local/lib/python3.10/dist-packages/udemy_ros2_pkg/udemy_ros2_pkg_s__rosidl_typesupport_c.cpython-310-x86_64-linux-gnu.so
[18.947s] -- Up-to-date symlink: /home/arthemis/Documents/courses/ROS2_CPP/Workspaces/ros2_cpp_ws/install/udemy_ros2_pkg/local/lib/python3.10/dist-packages/udemy_ros2_pkg/udemy_ros2_pkg_s__rosidl_typesupport_fastrtps_c.cpython-310-x86_64-linux-gnu.so
[18.947s] -- Up-to-date symlink: /home/arthemis/Documents/courses/ROS2_CPP/Workspaces/ros2_cpp_ws/install/udemy_ros2_pkg/local/lib/python3.10/dist-packages/udemy_ros2_pkg/udemy_ros2_pkg_s__rosidl_typesupport_introspection_c.cpython-310-x86_64-linux-gnu.so
[18.948s] -- Up-to-date symlink: /home/arthemis/Documents/courses/ROS2_CPP/Workspaces/ros2_cpp_ws/install/udemy_ros2_pkg/local/lib/python3.10/dist-packages/udemy_ros2_pkg/udemy_ros2_pkg_s__rosidl_typesupport_fastrtps_c.cpython-310-x86_64-linux-gnu.so
[18.948s] -- Up-to-date symlink: /home/arthemis/Documents/courses/ROS2_CPP/Workspaces/ros2_cpp_ws/install/udemy_ros2_pkg/local/lib/python3.10/dist-packages/udemy_ros2_pkg/udemy_ros2_pkg_s__rosidl_typesupport_introspection_c.cpython-310-x86_64-linux-gnu.so
[18.948s] -- Up-to-date symlink: /home/arthemis/Documents/courses/ROS2_CPP/Workspaces/ros2_cpp_ws/install/udemy_ros2_pkg/local/lib/python3.10/dist-packages/udemy_ros2_pkg/udemy_ros2_pkg_s__rosidl_typesupport_c.cpython-310-x86_64-linux-gnu.so
[18.948s] -- Up-to-date symlink: /home/arthemis/Documents/courses/ROS2_CPP/Workspaces/ros2_cpp_ws/install/udemy_ros2_pkg/share/udemy_ros2_pkg/srv/OddEvenCheck.idl
[18.948s] -- Up-to-date symlink: /home/arthemis/Documents/courses/ROS2_CPP/Workspaces/ros2_cpp_ws/install/udemy_ros2_pkg/share/udemy_ros2_pkg/srv/ImageFromAngle.idl
[18.949s] -- Up-to-date symlink: /home/arthemis/Documents/courses/ROS2_CPP/Workspaces/ros2_cpp_ws/install/udemy_ros2_pkg/share/udemy_ros2_pkg/srv/OddEvenCheck.srv
[18.949s] -- Up-to-date symlink: /home/arthemis/Documents/courses/ROS2_CPP/Workspaces/ros2_cpp_ws/install/udemy_ros2_pkg/share/udemy_ros2_pkg/srv/OddEvenCheck_Request.msg
[18.949s] -- Up-to-date symlink: /home/arthemis/Documents/courses/ROS2_CPP/Workspaces/ros2_cpp_ws/install/udemy_ros2_pkg/share/udemy_ros2_pkg/srv/OddEvenCheck_Response.msg
[18.949s] -- Up-to-date symlink: /home/arthemis/Documents/courses/ROS2_CPP/Workspaces/ros2_cpp_ws/install/udemy_ros2_pkg/share/udemy_ros2_pkg/srv/ImageFromAngle.srv
[18.949s] -- Up-to-date symlink: /home/arthemis/Documents/courses/ROS2_CPP/Workspaces/ros2_cpp_ws/install/udemy_ros2_pkg/share/udemy_ros2_pkg/srv/ImageFromAngle_Request.msg
[18.950s] -- Up-to-date symlink: /home/arthemis/Documents/courses/ROS2_CPP/Workspaces/ros2_cpp_ws/install/udemy_ros2_pkg/share/udemy_ros2_pkg/srv/ImageFromAngle_Response.msg
[18.950s] -- Up-to-date symlink: /home/arthemis/Documents/courses/ROS2_CPP/Workspaces/ros2_cpp_ws/install/udemy_ros2_pkg/lib/udemy_ros2_pkg/publisher
[18.950s] -- Up-to-date symlink: /home/arthemis/Documents/courses/ROS2_CPP/Workspaces/ros2_cpp_ws/install/udemy_ros2_pkg/lib/udemy_ros2_pkg/subscriber
[18.951s] -- Up-to-date symlink: /home/arthemis/Documents/courses/ROS2_CPP/Workspaces/ros2_cpp_ws/install/udemy_ros2_pkg/lib/udemy_ros2_pkg/rpm_pub
[18.951s] -- Up-to-date symlink: /home/arthemis/Documents/courses/ROS2_CPP/Workspaces/ros2_cpp_ws/install/udemy_ros2_pkg/lib/udemy_ros2_pkg/speed_calculation
[18.951s] -- Up-to-date symlink: /home/arthemis/Documents/courses/ROS2_CPP/Workspaces/ros2_cpp_ws/install/udemy_ros2_pkg/lib/udemy_ros2_pkg/service_server
[18.952s] -- Up-to-date symlink: /home/arthemis/Documents/courses/ROS2_CPP/Workspaces/ros2_cpp_ws/install/udemy_ros2_pkg/lib/udemy_ros2_pkg/service_client
[18.952s] -- Up-to-date symlink: /home/arthemis/Documents/courses/ROS2_CPP/Workspaces/ros2_cpp_ws/install/udemy_ros2_pkg/lib/udemy_ros2_pkg/camera_client
[18.952s] -- Up-to-date symlink: /home/arthemis/Documents/courses/ROS2_CPP/Workspaces/ros2_cpp_ws/install/udemy_ros2_pkg/lib/udemy_ros2_pkg/camera_service
[18.953s] -- Up-to-date symlink: /home/arthemis/Documents/courses/ROS2_CPP/Workspaces/ros2_cpp_ws/install/udemy_ros2_pkg/share/udemy_ros2_pkg//launch/rpm_node.launch.py
[18.953s] -- Up-to-date symlink: /home/arthemis/Documents/courses/ROS2_CPP/Workspaces/ros2_cpp_ws/install/udemy_ros2_pkg/share/ament_index/resource_index/package_run_dependencies/udemy_ros2_pkg
[18.953s] -- Up-to-date symlink: /home/arthemis/Documents/courses/ROS2_CPP/Workspaces/ros2_cpp_ws/install/udemy_ros2_pkg/share/ament_index/resource_index/parent_prefix_path/udemy_ros2_pkg
[18.953s] -- Up-to-date symlink: /home/arthemis/Documents/courses/ROS2_CPP/Workspaces/ros2_cpp_ws/install/udemy_ros2_pkg/share/udemy_ros2_pkg/environment/ament_prefix_path.sh
[18.953s] -- Up-to-date symlink: /home/arthemis/Documents/courses/ROS2_CPP/Workspaces/ros2_cpp_ws/install/udemy_ros2_pkg/share/udemy_ros2_pkg/environment/ament_prefix_path.dsv
[18.953s] -- Up-to-date symlink: /home/arthemis/Documents/courses/ROS2_CPP/Workspaces/ros2_cpp_ws/install/udemy_ros2_pkg/share/udemy_ros2_pkg/environment/path.sh
[18.954s] -- Up-to-date symlink: /home/arthemis/Documents/courses/ROS2_CPP/Workspaces/ros2_cpp_ws/install/udemy_ros2_pkg/share/udemy_ros2_pkg/environment/path.dsv
[18.954s] -- Up-to-date symlink: /home/arthemis/Documents/courses/ROS2_CPP/Workspaces/ros2_cpp_ws/install/udemy_ros2_pkg/share/udemy_ros2_pkg/local_setup.bash
[18.954s] -- Up-to-date symlink: /home/arthemis/Documents/courses/ROS2_CPP/Workspaces/ros2_cpp_ws/install/udemy_ros2_pkg/share/udemy_ros2_pkg/local_setup.sh
[18.954s] -- Up-to-date symlink: /home/arthemis/Documents/courses/ROS2_CPP/Workspaces/ros2_cpp_ws/install/udemy_ros2_pkg/share/udemy_ros2_pkg/local_setup.zsh
[18.955s] -- Up-to-date symlink: /home/arthemis/Documents/courses/ROS2_CPP/Workspaces/ros2_cpp_ws/install/udemy_ros2_pkg/share/udemy_ros2_pkg/local_setup.dsv
[18.955s] -- Symlinking: /home/arthemis/Documents/courses/ROS2_CPP/Workspaces/ros2_cpp_ws/install/udemy_ros2_pkg/share/udemy_ros2_pkg/package.dsv
[18.963s] -- Up-to-date symlink: /home/arthemis/Documents/courses/ROS2_CPP/Workspaces/ros2_cpp_ws/install/udemy_ros2_pkg/share/ament_index/resource_index/packages/udemy_ros2_pkg
[18.964s] -- Up-to-date symlink: /home/arthemis/Documents/courses/ROS2_CPP/Workspaces/ros2_cpp_ws/install/udemy_ros2_pkg/share/udemy_ros2_pkg/cmake/rosidl_cmake-extras.cmake
[18.964s] -- Up-to-date symlink: /home/arthemis/Documents/courses/ROS2_CPP/Workspaces/ros2_cpp_ws/install/udemy_ros2_pkg/share/udemy_ros2_pkg/cmake/ament_cmake_export_dependencies-extras.cmake
[18.964s] -- Up-to-date symlink: /home/arthemis/Documents/courses/ROS2_CPP/Workspaces/ros2_cpp_ws/install/udemy_ros2_pkg/share/udemy_ros2_pkg/cmake/ament_cmake_export_include_directories-extras.cmake
[18.964s] -- Up-to-date symlink: /home/arthemis/Documents/courses/ROS2_CPP/Workspaces/ros2_cpp_ws/install/udemy_ros2_pkg/share/udemy_ros2_pkg/cmake/ament_cmake_export_libraries-extras.cmake
[18.965s] -- Up-to-date symlink: /home/arthemis/Documents/courses/ROS2_CPP/Workspaces/ros2_cpp_ws/install/udemy_ros2_pkg/share/udemy_ros2_pkg/cmake/ament_cmake_export_targets-extras.cmake
[18.965s] -- Up-to-date symlink: /home/arthemis/Documents/courses/ROS2_CPP/Workspaces/ros2_cpp_ws/install/udemy_ros2_pkg/share/udemy_ros2_pkg/cmake/rosidl_cmake_export_typesupport_targets-extras.cmake
[18.965s] -- Up-to-date symlink: /home/arthemis/Documents/courses/ROS2_CPP/Workspaces/ros2_cpp_ws/install/udemy_ros2_pkg/share/udemy_ros2_pkg/cmake/rosidl_cmake_export_typesupport_libraries-extras.cmake
[18.966s] -- Up-to-date symlink: /home/arthemis/Documents/courses/ROS2_CPP/Workspaces/ros2_cpp_ws/install/udemy_ros2_pkg/share/udemy_ros2_pkg/cmake/udemy_ros2_pkgConfig.cmake
[18.966s] -- Up-to-date symlink: /home/arthemis/Documents/courses/ROS2_CPP/Workspaces/ros2_cpp_ws/install/udemy_ros2_pkg/share/udemy_ros2_pkg/cmake/udemy_ros2_pkgConfig-version.cmake
[18.966s] -- Up-to-date symlink: /home/arthemis/Documents/courses/ROS2_CPP/Workspaces/ros2_cpp_ws/install/udemy_ros2_pkg/share/udemy_ros2_pkg/package.xml
[18.967s] -- Installing: /home/arthemis/Documents/courses/ROS2_CPP/Workspaces/ros2_cpp_ws/install/udemy_ros2_pkg/lib/libudemy_ros2_pkg__rosidl_generator_c.so
[18.968s] -- Set runtime path of "/home/arthemis/Documents/courses/ROS2_CPP/Workspaces/ros2_cpp_ws/install/udemy_ros2_pkg/lib/libudemy_ros2_pkg__rosidl_generator_c.so" to ""
[18.968s] -- Installing: /home/arthemis/Documents/courses/ROS2_CPP/Workspaces/ros2_cpp_ws/install/udemy_ros2_pkg/lib/libudemy_ros2_pkg__rosidl_typesupport_fastrtps_c.so
[18.969s] -- Set runtime path of "/home/arthemis/Documents/courses/ROS2_CPP/Workspaces/ros2_cpp_ws/install/udemy_ros2_pkg/lib/libudemy_ros2_pkg__rosidl_typesupport_fastrtps_c.so" to ""
[18.970s] -- Installing: /home/arthemis/Documents/courses/ROS2_CPP/Workspaces/ros2_cpp_ws/install/udemy_ros2_pkg/lib/libudemy_ros2_pkg__rosidl_typesupport_fastrtps_cpp.so
[18.970s] -- Set runtime path of "/home/arthemis/Documents/courses/ROS2_CPP/Workspaces/ros2_cpp_ws/install/udemy_ros2_pkg/lib/libudemy_ros2_pkg__rosidl_typesupport_fastrtps_cpp.so" to ""
[18.970s] -- Installing: /home/arthemis/Documents/courses/ROS2_CPP/Workspaces/ros2_cpp_ws/install/udemy_ros2_pkg/lib/libudemy_ros2_pkg__rosidl_typesupport_introspection_c.so
[18.971s] -- Set runtime path of "/home/arthemis/Documents/courses/ROS2_CPP/Workspaces/ros2_cpp_ws/install/udemy_ros2_pkg/lib/libudemy_ros2_pkg__rosidl_typesupport_introspection_c.so" to ""
[18.971s] -- Installing: /home/arthemis/Documents/courses/ROS2_CPP/Workspaces/ros2_cpp_ws/install/udemy_ros2_pkg/lib/libudemy_ros2_pkg__rosidl_typesupport_c.so
[18.971s] -- Set runtime path of "/home/arthemis/Documents/courses/ROS2_CPP/Workspaces/ros2_cpp_ws/install/udemy_ros2_pkg/lib/libudemy_ros2_pkg__rosidl_typesupport_c.so" to ""
[18.972s] -- Installing: /home/arthemis/Documents/courses/ROS2_CPP/Workspaces/ros2_cpp_ws/install/udemy_ros2_pkg/lib/libudemy_ros2_pkg__rosidl_typesupport_introspection_cpp.so
[18.973s] -- Set runtime path of "/home/arthemis/Documents/courses/ROS2_CPP/Workspaces/ros2_cpp_ws/install/udemy_ros2_pkg/lib/libudemy_ros2_pkg__rosidl_typesupport_introspection_cpp.so" to ""
[18.973s] -- Installing: /home/arthemis/Documents/courses/ROS2_CPP/Workspaces/ros2_cpp_ws/install/udemy_ros2_pkg/lib/libudemy_ros2_pkg__rosidl_typesupport_cpp.so
[18.973s] -- Set runtime path of "/home/arthemis/Documents/courses/ROS2_CPP/Workspaces/ros2_cpp_ws/install/udemy_ros2_pkg/lib/libudemy_ros2_pkg__rosidl_typesupport_cpp.so" to ""
[19.017s] Listing '/home/arthemis/Documents/courses/ROS2_CPP/Workspaces/ros2_cpp_ws/install/udemy_ros2_pkg/local/lib/python3.10/dist-packages/udemy_ros2_pkg'...
[19.017s] Compiling '/home/arthemis/Documents/courses/ROS2_CPP/Workspaces/ros2_cpp_ws/install/udemy_ros2_pkg/local/lib/python3.10/dist-packages/udemy_ros2_pkg/__init__.py'...
[19.017s] Listing '/home/arthemis/Documents/courses/ROS2_CPP/Workspaces/ros2_cpp_ws/install/udemy_ros2_pkg/local/lib/python3.10/dist-packages/udemy_ros2_pkg/srv'...
[19.017s] Compiling '/home/arthemis/Documents/courses/ROS2_CPP/Workspaces/ros2_cpp_ws/install/udemy_ros2_pkg/local/lib/python3.10/dist-packages/udemy_ros2_pkg/srv/__init__.py'...
[19.017s] Compiling '/home/arthemis/Documents/courses/ROS2_CPP/Workspaces/ros2_cpp_ws/install/udemy_ros2_pkg/local/lib/python3.10/dist-packages/udemy_ros2_pkg/srv/_image_from_angle.py'...
[19.017s] Compiling '/home/arthemis/Documents/courses/ROS2_CPP/Workspaces/ros2_cpp_ws/install/udemy_ros2_pkg/local/lib/python3.10/dist-packages/udemy_ros2_pkg/srv/_odd_even_check.py'...
[19.021s] -- Installing: /home/arthemis/Documents/courses/ROS2_CPP/Workspaces/ros2_cpp_ws/install/udemy_ros2_pkg/lib/libudemy_ros2_pkg__rosidl_generator_py.so
[19.022s] -- Set runtime path of "/home/arthemis/Documents/courses/ROS2_CPP/Workspaces/ros2_cpp_ws/install/udemy_ros2_pkg/lib/libudemy_ros2_pkg__rosidl_generator_py.so" to ""
[19.022s] -- Up-to-date: /home/arthemis/Documents/courses/ROS2_CPP/Workspaces/ros2_cpp_ws/install/udemy_ros2_pkg/share/udemy_ros2_pkg/cmake/export_udemy_ros2_pkg__rosidl_generator_cExport.cmake
[19.023s] -- Up-to-date: /home/arthemis/Documents/courses/ROS2_CPP/Workspaces/ros2_cpp_ws/install/udemy_ros2_pkg/share/udemy_ros2_pkg/cmake/export_udemy_ros2_pkg__rosidl_generator_cExport-relwithdebinfo.cmake
[19.023s] -- Up-to-date: /home/arthemis/Documents/courses/ROS2_CPP/Workspaces/ros2_cpp_ws/install/udemy_ros2_pkg/share/udemy_ros2_pkg/cmake/export_udemy_ros2_pkg__rosidl_typesupport_fastrtps_cExport.cmake
[19.023s] -- Up-to-date: /home/arthemis/Documents/courses/ROS2_CPP/Workspaces/ros2_cpp_ws/install/udemy_ros2_pkg/share/udemy_ros2_pkg/cmake/export_udemy_ros2_pkg__rosidl_typesupport_fastrtps_cExport-relwithdebinfo.cmake
[19.024s] -- Up-to-date: /home/arthemis/Documents/courses/ROS2_CPP/Workspaces/ros2_cpp_ws/install/udemy_ros2_pkg/share/udemy_ros2_pkg/cmake/export_udemy_ros2_pkg__rosidl_generator_cppExport.cmake
[19.024s] -- Up-to-date: /home/arthemis/Documents/courses/ROS2_CPP/Workspaces/ros2_cpp_ws/install/udemy_ros2_pkg/share/udemy_ros2_pkg/cmake/export_udemy_ros2_pkg__rosidl_typesupport_fastrtps_cppExport.cmake
[19.024s] -- Up-to-date: /home/arthemis/Documents/courses/ROS2_CPP/Workspaces/ros2_cpp_ws/install/udemy_ros2_pkg/share/udemy_ros2_pkg/cmake/export_udemy_ros2_pkg__rosidl_typesupport_fastrtps_cppExport-relwithdebinfo.cmake
[19.024s] -- Up-to-date: /home/arthemis/Documents/courses/ROS2_CPP/Workspaces/ros2_cpp_ws/install/udemy_ros2_pkg/share/udemy_ros2_pkg/cmake/udemy_ros2_pkg__rosidl_typesupport_introspection_cExport.cmake
[19.025s] -- Up-to-date: /home/arthemis/Documents/courses/ROS2_CPP/Workspaces/ros2_cpp_ws/install/udemy_ros2_pkg/share/udemy_ros2_pkg/cmake/udemy_ros2_pkg__rosidl_typesupport_introspection_cExport-relwithdebinfo.cmake
[19.025s] -- Up-to-date: /home/arthemis/Documents/courses/ROS2_CPP/Workspaces/ros2_cpp_ws/install/udemy_ros2_pkg/share/udemy_ros2_pkg/cmake/udemy_ros2_pkg__rosidl_typesupport_cExport.cmake
[19.025s] -- Up-to-date: /home/arthemis/Documents/courses/ROS2_CPP/Workspaces/ros2_cpp_ws/install/udemy_ros2_pkg/share/udemy_ros2_pkg/cmake/udemy_ros2_pkg__rosidl_typesupport_cExport-relwithdebinfo.cmake
[19.025s] -- Up-to-date: /home/arthemis/Documents/courses/ROS2_CPP/Workspaces/ros2_cpp_ws/install/udemy_ros2_pkg/share/udemy_ros2_pkg/cmake/udemy_ros2_pkg__rosidl_typesupport_introspection_cppExport.cmake
[19.026s] -- Up-to-date: /home/arthemis/Documents/courses/ROS2_CPP/Workspaces/ros2_cpp_ws/install/udemy_ros2_pkg/share/udemy_ros2_pkg/cmake/udemy_ros2_pkg__rosidl_typesupport_introspection_cppExport-relwithdebinfo.cmake
[19.026s] -- Up-to-date: /home/arthemis/Documents/courses/ROS2_CPP/Workspaces/ros2_cpp_ws/install/udemy_ros2_pkg/share/udemy_ros2_pkg/cmake/udemy_ros2_pkg__rosidl_typesupport_cppExport.cmake
[19.026s] -- Up-to-date: /home/arthemis/Documents/courses/ROS2_CPP/Workspaces/ros2_cpp_ws/install/udemy_ros2_pkg/share/udemy_ros2_pkg/cmake/udemy_ros2_pkg__rosidl_typesupport_cppExport-relwithdebinfo.cmake
[19.026s] -- Up-to-date: /home/arthemis/Documents/courses/ROS2_CPP/Workspaces/ros2_cpp_ws/install/udemy_ros2_pkg/share/udemy_ros2_pkg/cmake/export_udemy_ros2_pkg__rosidl_generator_pyExport.cmake
[19.027s] -- Up-to-date: /home/arthemis/Documents/courses/ROS2_CPP/Workspaces/ros2_cpp_ws/install/udemy_ros2_pkg/share/udemy_ros2_pkg/cmake/export_udemy_ros2_pkg__rosidl_generator_pyExport-relwithdebinfo.cmake
[19.030s] Invoked command in '/home/arthemis/Documents/courses/ROS2_CPP/Workspaces/ros2_cpp_ws/build/udemy_ros2_pkg' returned '0': CMAKE_PREFIX_PATH=/opt/ros/humble /usr/bin/cmake --install /home/arthemis/Documents/courses/ROS2_CPP/Workspaces/ros2_cpp_ws/build/udemy_ros2_pkg
