[0.021s] Invoking command in '/home/arthemis/Documents/courses/ROS2_CPP/Workspaces/ros2_cpp_ws/build/udemy_ros2_pkg': CMAKE_PREFIX_PATH=/opt/ros/humble /usr/bin/cmake --build /home/arthemis/Documents/courses/ROS2_CPP/Workspaces/ros2_cpp_ws/build/udemy_ros2_pkg -- -j12 -l12
[0.051s] [35m[1mConsolidate compiler generated dependencies of target speed_calculation[0m
[0.062s] [ 25%] Built target subscriber
[0.062s] [ 50%] Built target publisher
[0.063s] [ 75%] Built target rpm_pub
[0.067s] [ 87%] [32mBuilding CXX object CMakeFiles/speed_calculation.dir/src/pub_sub_speed.cpp.o[0m
[13.721s] [100%] [32m[1mLinking CXX executable speed_calculation[0m
[13.998s] [100%] Built target speed_calculation
[14.009s] Invoked command in '/home/arthemis/Documents/courses/ROS2_CPP/Workspaces/ros2_cpp_ws/build/udemy_ros2_pkg' returned '0': CMAKE_PREFIX_PATH=/opt/ros/humble /usr/bin/cmake --build /home/arthemis/Documents/courses/ROS2_CPP/Workspaces/ros2_cpp_ws/build/udemy_ros2_pkg -- -j12 -l12
[14.044s] Invoking command in '/home/arthemis/Documents/courses/ROS2_CPP/Workspaces/ros2_cpp_ws/build/udemy_ros2_pkg': CMAKE_PREFIX_PATH=/opt/ros/humble /usr/bin/cmake --install /home/arthemis/Documents/courses/ROS2_CPP/Workspaces/ros2_cpp_ws/build/udemy_ros2_pkg
[14.051s] -- Install configuration: "RelWithDebInfo"
[14.051s] -- Execute custom install script
[14.052s] -- Up-to-date symlink: /home/arthemis/Documents/courses/ROS2_CPP/Workspaces/ros2_cpp_ws/install/udemy_ros2_pkg/lib/udemy_ros2_pkg/publisher
[14.052s] -- Up-to-date symlink: /home/arthemis/Documents/courses/ROS2_CPP/Workspaces/ros2_cpp_ws/install/udemy_ros2_pkg/lib/udemy_ros2_pkg/subscriber
[14.052s] -- Up-to-date symlink: /home/arthemis/Documents/courses/ROS2_CPP/Workspaces/ros2_cpp_ws/install/udemy_ros2_pkg/lib/udemy_ros2_pkg/rpm_pub
[14.053s] -- Symlinking: /home/arthemis/Documents/courses/ROS2_CPP/Workspaces/ros2_cpp_ws/install/udemy_ros2_pkg/lib/udemy_ros2_pkg/speed_calculation
[14.059s] -- Up-to-date symlink: /home/arthemis/Documents/courses/ROS2_CPP/Workspaces/ros2_cpp_ws/install/udemy_ros2_pkg/share/ament_index/resource_index/package_run_dependencies/udemy_ros2_pkg
[14.060s] -- Up-to-date symlink: /home/arthemis/Documents/courses/ROS2_CPP/Workspaces/ros2_cpp_ws/install/udemy_ros2_pkg/share/ament_index/resource_index/parent_prefix_path/udemy_ros2_pkg
[14.060s] -- Up-to-date symlink: /home/arthemis/Documents/courses/ROS2_CPP/Workspaces/ros2_cpp_ws/install/udemy_ros2_pkg/share/udemy_ros2_pkg/environment/ament_prefix_path.sh
[14.060s] -- Up-to-date symlink: /home/arthemis/Documents/courses/ROS2_CPP/Workspaces/ros2_cpp_ws/install/udemy_ros2_pkg/share/udemy_ros2_pkg/environment/ament_prefix_path.dsv
[14.060s] -- Up-to-date symlink: /home/arthemis/Documents/courses/ROS2_CPP/Workspaces/ros2_cpp_ws/install/udemy_ros2_pkg/share/udemy_ros2_pkg/environment/path.sh
[14.060s] -- Up-to-date symlink: /home/arthemis/Documents/courses/ROS2_CPP/Workspaces/ros2_cpp_ws/install/udemy_ros2_pkg/share/udemy_ros2_pkg/environment/path.dsv
[14.061s] -- Up-to-date symlink: /home/arthemis/Documents/courses/ROS2_CPP/Workspaces/ros2_cpp_ws/install/udemy_ros2_pkg/share/udemy_ros2_pkg/local_setup.bash
[14.061s] -- Up-to-date symlink: /home/arthemis/Documents/courses/ROS2_CPP/Workspaces/ros2_cpp_ws/install/udemy_ros2_pkg/share/udemy_ros2_pkg/local_setup.sh
[14.061s] -- Up-to-date symlink: /home/arthemis/Documents/courses/ROS2_CPP/Workspaces/ros2_cpp_ws/install/udemy_ros2_pkg/share/udemy_ros2_pkg/local_setup.zsh
[14.061s] -- Up-to-date symlink: /home/arthemis/Documents/courses/ROS2_CPP/Workspaces/ros2_cpp_ws/install/udemy_ros2_pkg/share/udemy_ros2_pkg/local_setup.dsv
[14.061s] -- Symlinking: /home/arthemis/Documents/courses/ROS2_CPP/Workspaces/ros2_cpp_ws/install/udemy_ros2_pkg/share/udemy_ros2_pkg/package.dsv
[14.068s] -- Up-to-date symlink: /home/arthemis/Documents/courses/ROS2_CPP/Workspaces/ros2_cpp_ws/install/udemy_ros2_pkg/share/ament_index/resource_index/packages/udemy_ros2_pkg
[14.068s] -- Up-to-date symlink: /home/arthemis/Documents/courses/ROS2_CPP/Workspaces/ros2_cpp_ws/install/udemy_ros2_pkg/share/udemy_ros2_pkg/cmake/udemy_ros2_pkgConfig.cmake
[14.068s] -- Up-to-date symlink: /home/arthemis/Documents/courses/ROS2_CPP/Workspaces/ros2_cpp_ws/install/udemy_ros2_pkg/share/udemy_ros2_pkg/cmake/udemy_ros2_pkgConfig-version.cmake
[14.068s] -- Up-to-date symlink: /home/arthemis/Documents/courses/ROS2_CPP/Workspaces/ros2_cpp_ws/install/udemy_ros2_pkg/share/udemy_ros2_pkg/package.xml
[14.071s] Invoked command in '/home/arthemis/Documents/courses/ROS2_CPP/Workspaces/ros2_cpp_ws/build/udemy_ros2_pkg' returned '0': CMAKE_PREFIX_PATH=/opt/ros/humble /usr/bin/cmake --install /home/arthemis/Documents/courses/ROS2_CPP/Workspaces/ros2_cpp_ws/build/udemy_ros2_pkg
