[0.024s] Invoking command in '/home/arthemis/Documents/courses/ROS2_CPP/Workspaces/ros2_cpp_ws/build/udemy_ros2_pkg': CMAKE_PREFIX_PATH=/opt/ros/humble /usr/bin/cmake --build /home/arthemis/Documents/courses/ROS2_CPP/Workspaces/ros2_cpp_ws/build/udemy_ros2_pkg -- -j12 -l12
[0.044s] -- Found ament_cmake: 1.3.6 (/opt/ros/humble/share/ament_cmake/cmake)
[0.156s] -- Override CMake install command with custom implementation using symlinks instead of copying resources
[0.162s] -- Found rclcpp: 16.0.7 (/opt/ros/humble/share/rclcpp/cmake)
[0.314s] -- Found rosidl_generator_c: 3.1.5 (/opt/ros/humble/share/rosidl_generator_c/cmake)
[0.317s] -- Found rosidl_adapter: 3.1.5 (/opt/ros/humble/share/rosidl_adapter/cmake)
[0.323s] -- Found rosidl_generator_cpp: 3.1.5 (/opt/ros/humble/share/rosidl_generator_cpp/cmake)
[0.333s] -- Using all available rosidl_typesupport_c: rosidl_typesupport_fastrtps_c;rosidl_typesupport_introspection_c
[0.348s] -- Using all available rosidl_typesupport_cpp: rosidl_typesupport_fastrtps_cpp;rosidl_typesupport_introspection_cpp
[0.405s] -- Found rmw_implementation_cmake: 6.1.1 (/opt/ros/humble/share/rmw_implementation_cmake/cmake)
[0.406s] -- Found rmw_fastrtps_cpp: 6.2.5 (/opt/ros/humble/share/rmw_fastrtps_cpp/cmake)
[6.124s] -- Using RMW implementation 'rmw_fastrtps_cpp' as default
[6.282s] -- Found rosidl_default_generators: 1.2.0 (/opt/ros/humble/share/rosidl_default_generators/cmake)
[6.498s] -- Found ament_cmake_cppcheck: 0.12.9 (/opt/ros/humble/share/ament_cmake_cppcheck/cmake)
[6.499s] -- Found ament_cmake_cpplint: 0.12.9 (/opt/ros/humble/share/ament_cmake_cpplint/cmake)
[6.500s] -- Found ament_cmake_uncrustify: 0.12.9 (/opt/ros/humble/share/ament_cmake_uncrustify/cmake)
[6.500s] -- Found ament_cmake_ros: 0.10.0 (/opt/ros/humble/share/ament_cmake_ros/cmake)
[6.756s] -- Using all available rosidl_typesupport_c: rosidl_typesupport_fastrtps_c;rosidl_typesupport_introspection_c
[6.853s] -- Using all available rosidl_typesupport_cpp: rosidl_typesupport_fastrtps_cpp;rosidl_typesupport_introspection_cpp
[6.872s] -- Found python_cmake_module: 0.10.0 (/opt/ros/humble/share/python_cmake_module/cmake)
[6.891s] -- Using PYTHON_EXECUTABLE: /usr/bin/python3
[6.891s] -- Using PYTHON_INCLUDE_DIRS: /usr/include/python3.10
[6.891s] -- Using PYTHON_LIBRARIES: /usr/lib/x86_64-linux-gnu/libpython3.10.so
[6.902s] -- Found ament_cmake_flake8: 0.12.9 (/opt/ros/humble/share/ament_cmake_flake8/cmake)
[6.903s] -- Found ament_cmake_pep257: 0.12.9 (/opt/ros/humble/share/ament_cmake_pep257/cmake)
[6.908s] -- Found ament_lint_auto: 0.12.9 (/opt/ros/humble/share/ament_lint_auto/cmake)
[6.916s] -- Added test 'cppcheck' to perform static code analysis on C / C++ code
[6.916s] -- Configured cppcheck include dirs: 
[6.916s] -- Configured cppcheck exclude dirs and/or files: 
[6.917s] -- Added test 'cpplint' to check C / C++ code against the Google style
[6.917s] -- Configured cpplint exclude dirs and/or files: 
[6.918s] -- Added test 'uncrustify' to check C / C++ code style
[6.918s] -- Configured uncrustify additional arguments: 
[6.918s] -- Added test 'flake8' to check Python code syntax and style conventions
[6.918s] -- Added test 'pep257' to check Python code against some of the docstring style conventions in PEP 257
[6.919s] -- Added test 'lint_cmake' to check CMake code style
[6.919s] -- Added test 'xmllint' to check XML markup files
[6.921s] -- Configuring done
[6.966s] -- Generating done
[6.971s] -- Build files have been written to: /home/arthemis/Documents/courses/ROS2_CPP/Workspaces/ros2_cpp_ws/build/udemy_ros2_pkg
[6.998s] [35m[1mConsolidate compiler generated dependencies of target udemy_ros2_pkg__rosidl_generator_c[0m
[6.998s] [35m[1mConsolidate compiler generated dependencies of target subscriber[0m
[6.999s] [35m[1mConsolidate compiler generated dependencies of target publisher[0m
[7.000s] [35m[1mConsolidate compiler generated dependencies of target speed_calculation[0m
[7.000s] [35m[1mConsolidate compiler generated dependencies of target rpm_pub[0m
[7.007s] [  6%] Built target udemy_ros2_pkg__rosidl_generator_c
[7.008s] [  9%] Built target udemy_ros2_pkg__cpp
[7.015s] [  9%] Built target ament_cmake_python_symlink_udemy_ros2_pkg
[7.017s] [35m[1mConsolidate compiler generated dependencies of target udemy_ros2_pkg__rosidl_typesupport_cpp[0m
[7.018s] [35m[1mConsolidate compiler generated dependencies of target udemy_ros2_pkg__rosidl_typesupport_fastrtps_cpp[0m
[7.019s] [ 18%] Built target speed_calculation
[7.019s] [ 18%] Built target publisher
[7.019s] [ 23%] Built target subscriber
[7.019s] [35m[1mConsolidate compiler generated dependencies of target udemy_ros2_pkg__rosidl_typesupport_introspection_cpp[0m
[7.020s] [35m[1mConsolidate compiler generated dependencies of target udemy_ros2_pkg__rosidl_typesupport_fastrtps_c[0m
[7.023s] [35m[1mConsolidate compiler generated dependencies of target udemy_ros2_pkg__rosidl_typesupport_introspection_c[0m
[7.025s] [35m[1mConsolidate compiler generated dependencies of target udemy_ros2_pkg__rosidl_typesupport_c[0m
[7.025s] [ 27%] Built target rpm_pub
[7.039s] [ 62%] Built target udemy_ros2_pkg__rosidl_typesupport_introspection_c
[7.039s] [ 62%] Built target udemy_ros2_pkg__rosidl_typesupport_introspection_cpp
[7.039s] [ 62%] Built target udemy_ros2_pkg__rosidl_typesupport_cpp
[7.039s] [ 62%] Built target udemy_ros2_pkg__rosidl_typesupport_fastrtps_c
[7.039s] [ 65%] Built target udemy_ros2_pkg__rosidl_typesupport_fastrtps_cpp
[7.039s] [ 69%] Built target udemy_ros2_pkg__rosidl_typesupport_c
[7.051s] [35m[1mConsolidate compiler generated dependencies of target service_server[0m
[7.059s] [ 72%] [32mBuilding CXX object CMakeFiles/service_client.dir/src/service_client.cpp.o[0m
[7.060s] [ 72%] Built target udemy_ros2_pkg
[7.072s] [ 76%] Built target service_server
[7.078s] [ 79%] Built target udemy_ros2_pkg__py
[7.088s] [35m[1mConsolidate compiler generated dependencies of target udemy_ros2_pkg__rosidl_generator_py[0m
[7.099s] [ 83%] Built target udemy_ros2_pkg__rosidl_generator_py
[7.108s] [35m[1mConsolidate compiler generated dependencies of target udemy_ros2_pkg__rosidl_typesupport_introspection_c__pyext[0m
[7.109s] [35m[1mConsolidate compiler generated dependencies of target udemy_ros2_pkg__rosidl_typesupport_c__pyext[0m
[7.109s] [35m[1mConsolidate compiler generated dependencies of target udemy_ros2_pkg__rosidl_typesupport_fastrtps_c__pyext[0m
[7.124s] [ 88%] Built target udemy_ros2_pkg__rosidl_typesupport_fastrtps_c__pyext
[7.124s] [ 93%] Built target udemy_ros2_pkg__rosidl_typesupport_c__pyext
[7.125s] [ 97%] Built target udemy_ros2_pkg__rosidl_typesupport_introspection_c__pyext
[7.272s] running egg_info
[7.307s] writing udemy_ros2_pkg.egg-info/PKG-INFO
[7.308s] writing dependency_links to udemy_ros2_pkg.egg-info/dependency_links.txt
[7.308s] writing top-level names to udemy_ros2_pkg.egg-info/top_level.txt
[7.368s] reading manifest file 'udemy_ros2_pkg.egg-info/SOURCES.txt'
[7.368s] writing manifest file 'udemy_ros2_pkg.egg-info/SOURCES.txt'
[7.396s] [ 97%] Built target ament_cmake_python_build_udemy_ros2_pkg_egg
[11.823s] [100%] [32m[1mLinking CXX executable service_client[0m
[12.033s] [100%] Built target service_client
[12.043s] Invoked command in '/home/arthemis/Documents/courses/ROS2_CPP/Workspaces/ros2_cpp_ws/build/udemy_ros2_pkg' returned '0': CMAKE_PREFIX_PATH=/opt/ros/humble /usr/bin/cmake --build /home/arthemis/Documents/courses/ROS2_CPP/Workspaces/ros2_cpp_ws/build/udemy_ros2_pkg -- -j12 -l12
[12.127s] Invoking command in '/home/arthemis/Documents/courses/ROS2_CPP/Workspaces/ros2_cpp_ws/build/udemy_ros2_pkg': CMAKE_PREFIX_PATH=/opt/ros/humble /usr/bin/cmake --install /home/arthemis/Documents/courses/ROS2_CPP/Workspaces/ros2_cpp_ws/build/udemy_ros2_pkg
[12.133s] -- Install configuration: "RelWithDebInfo"
[12.134s] -- Execute custom install script
[12.134s] -- Up-to-date symlink: /home/arthemis/Documents/courses/ROS2_CPP/Workspaces/ros2_cpp_ws/install/udemy_ros2_pkg/share/ament_index/resource_index/rosidl_interfaces/udemy_ros2_pkg
[12.134s] -- Up-to-date symlink: /home/arthemis/Documents/courses/ROS2_CPP/Workspaces/ros2_cpp_ws/install/udemy_ros2_pkg/include/udemy_ros2_pkg/udemy_ros2_pkg/msg/rosidl_generator_c__visibility_control.h
[12.134s] -- Up-to-date symlink: /home/arthemis/Documents/courses/ROS2_CPP/Workspaces/ros2_cpp_ws/install/udemy_ros2_pkg/include/udemy_ros2_pkg/udemy_ros2_pkg/srv/detail/odd_even_check__functions.h
[12.135s] -- Up-to-date symlink: /home/arthemis/Documents/courses/ROS2_CPP/Workspaces/ros2_cpp_ws/install/udemy_ros2_pkg/include/udemy_ros2_pkg/udemy_ros2_pkg/srv/detail/odd_even_check__struct.h
[12.135s] -- Up-to-date symlink: /home/arthemis/Documents/courses/ROS2_CPP/Workspaces/ros2_cpp_ws/install/udemy_ros2_pkg/include/udemy_ros2_pkg/udemy_ros2_pkg/srv/detail/odd_even_check__type_support.h
[12.135s] -- Up-to-date symlink: /home/arthemis/Documents/courses/ROS2_CPP/Workspaces/ros2_cpp_ws/install/udemy_ros2_pkg/include/udemy_ros2_pkg/udemy_ros2_pkg/srv/odd_even_check.h
[12.135s] -- Up-to-date symlink: /home/arthemis/Documents/courses/ROS2_CPP/Workspaces/ros2_cpp_ws/install/udemy_ros2_pkg/share/udemy_ros2_pkg/environment/library_path.sh
[12.135s] -- Up-to-date symlink: /home/arthemis/Documents/courses/ROS2_CPP/Workspaces/ros2_cpp_ws/install/udemy_ros2_pkg/share/udemy_ros2_pkg/environment/library_path.dsv
[12.135s] -- Up-to-date symlink: /home/arthemis/Documents/courses/ROS2_CPP/Workspaces/ros2_cpp_ws/install/udemy_ros2_pkg/include/udemy_ros2_pkg/udemy_ros2_pkg/msg/rosidl_typesupport_fastrtps_c__visibility_control.h
[12.136s] -- Up-to-date symlink: /home/arthemis/Documents/courses/ROS2_CPP/Workspaces/ros2_cpp_ws/install/udemy_ros2_pkg/include/udemy_ros2_pkg/udemy_ros2_pkg/srv/detail/odd_even_check__rosidl_typesupport_fastrtps_c.h
[12.136s] -- Up-to-date symlink: /home/arthemis/Documents/courses/ROS2_CPP/Workspaces/ros2_cpp_ws/install/udemy_ros2_pkg/include/udemy_ros2_pkg/udemy_ros2_pkg/srv/detail/odd_even_check__builder.hpp
[12.137s] -- Up-to-date symlink: /home/arthemis/Documents/courses/ROS2_CPP/Workspaces/ros2_cpp_ws/install/udemy_ros2_pkg/include/udemy_ros2_pkg/udemy_ros2_pkg/srv/detail/odd_even_check__struct.hpp
[12.137s] -- Up-to-date symlink: /home/arthemis/Documents/courses/ROS2_CPP/Workspaces/ros2_cpp_ws/install/udemy_ros2_pkg/include/udemy_ros2_pkg/udemy_ros2_pkg/srv/detail/odd_even_check__traits.hpp
[12.137s] -- Up-to-date symlink: /home/arthemis/Documents/courses/ROS2_CPP/Workspaces/ros2_cpp_ws/install/udemy_ros2_pkg/include/udemy_ros2_pkg/udemy_ros2_pkg/srv/odd_even_check.hpp
[12.137s] -- Up-to-date symlink: /home/arthemis/Documents/courses/ROS2_CPP/Workspaces/ros2_cpp_ws/install/udemy_ros2_pkg/include/udemy_ros2_pkg/udemy_ros2_pkg/msg/rosidl_typesupport_fastrtps_cpp__visibility_control.h
[12.138s] -- Up-to-date symlink: /home/arthemis/Documents/courses/ROS2_CPP/Workspaces/ros2_cpp_ws/install/udemy_ros2_pkg/include/udemy_ros2_pkg/udemy_ros2_pkg/srv/detail/odd_even_check__rosidl_typesupport_fastrtps_cpp.hpp
[12.138s] -- Up-to-date symlink: /home/arthemis/Documents/courses/ROS2_CPP/Workspaces/ros2_cpp_ws/install/udemy_ros2_pkg/include/udemy_ros2_pkg/udemy_ros2_pkg/msg/rosidl_typesupport_introspection_c__visibility_control.h
[12.139s] -- Up-to-date symlink: /home/arthemis/Documents/courses/ROS2_CPP/Workspaces/ros2_cpp_ws/install/udemy_ros2_pkg/include/udemy_ros2_pkg/udemy_ros2_pkg/srv/detail/odd_even_check__rosidl_typesupport_introspection_c.h
[12.139s] -- Up-to-date symlink: /home/arthemis/Documents/courses/ROS2_CPP/Workspaces/ros2_cpp_ws/install/udemy_ros2_pkg/include/udemy_ros2_pkg/udemy_ros2_pkg/srv/detail/odd_even_check__rosidl_typesupport_introspection_cpp.hpp
[12.139s] -- Up-to-date symlink: /home/arthemis/Documents/courses/ROS2_CPP/Workspaces/ros2_cpp_ws/install/udemy_ros2_pkg/share/udemy_ros2_pkg/environment/pythonpath.sh
[12.139s] -- Up-to-date symlink: /home/arthemis/Documents/courses/ROS2_CPP/Workspaces/ros2_cpp_ws/install/udemy_ros2_pkg/share/udemy_ros2_pkg/environment/pythonpath.dsv
[12.140s] -- Up-to-date symlink: /home/arthemis/Documents/courses/ROS2_CPP/Workspaces/ros2_cpp_ws/install/udemy_ros2_pkg/local/lib/python3.10/dist-packages/udemy_ros2_pkg-0.0.0-py3.10.egg-info/PKG-INFO
[12.140s] -- Up-to-date symlink: /home/arthemis/Documents/courses/ROS2_CPP/Workspaces/ros2_cpp_ws/install/udemy_ros2_pkg/local/lib/python3.10/dist-packages/udemy_ros2_pkg-0.0.0-py3.10.egg-info/SOURCES.txt
[12.140s] -- Up-to-date symlink: /home/arthemis/Documents/courses/ROS2_CPP/Workspaces/ros2_cpp_ws/install/udemy_ros2_pkg/local/lib/python3.10/dist-packages/udemy_ros2_pkg-0.0.0-py3.10.egg-info/dependency_links.txt
[12.140s] -- Up-to-date symlink: /home/arthemis/Documents/courses/ROS2_CPP/Workspaces/ros2_cpp_ws/install/udemy_ros2_pkg/local/lib/python3.10/dist-packages/udemy_ros2_pkg-0.0.0-py3.10.egg-info/top_level.txt
[12.141s] -- Up-to-date symlink: /home/arthemis/Documents/courses/ROS2_CPP/Workspaces/ros2_cpp_ws/install/udemy_ros2_pkg/local/lib/python3.10/dist-packages/udemy_ros2_pkg/__init__.py
[12.141s] -- Up-to-date symlink: /home/arthemis/Documents/courses/ROS2_CPP/Workspaces/ros2_cpp_ws/install/udemy_ros2_pkg/local/lib/python3.10/dist-packages/udemy_ros2_pkg/_udemy_ros2_pkg_s.ep.rosidl_typesupport_c.c
[12.141s] -- Up-to-date symlink: /home/arthemis/Documents/courses/ROS2_CPP/Workspaces/ros2_cpp_ws/install/udemy_ros2_pkg/local/lib/python3.10/dist-packages/udemy_ros2_pkg/_udemy_ros2_pkg_s.ep.rosidl_typesupport_fastrtps_c.c
[12.141s] -- Up-to-date symlink: /home/arthemis/Documents/courses/ROS2_CPP/Workspaces/ros2_cpp_ws/install/udemy_ros2_pkg/local/lib/python3.10/dist-packages/udemy_ros2_pkg/_udemy_ros2_pkg_s.ep.rosidl_typesupport_introspection_c.c
[12.141s] -- Up-to-date symlink: /home/arthemis/Documents/courses/ROS2_CPP/Workspaces/ros2_cpp_ws/install/udemy_ros2_pkg/local/lib/python3.10/dist-packages/udemy_ros2_pkg/libudemy_ros2_pkg__rosidl_generator_py.so
[12.142s] -- Up-to-date symlink: /home/arthemis/Documents/courses/ROS2_CPP/Workspaces/ros2_cpp_ws/install/udemy_ros2_pkg/local/lib/python3.10/dist-packages/udemy_ros2_pkg/srv/__init__.py
[12.142s] -- Up-to-date symlink: /home/arthemis/Documents/courses/ROS2_CPP/Workspaces/ros2_cpp_ws/install/udemy_ros2_pkg/local/lib/python3.10/dist-packages/udemy_ros2_pkg/srv/_odd_even_check.py
[12.142s] -- Up-to-date symlink: /home/arthemis/Documents/courses/ROS2_CPP/Workspaces/ros2_cpp_ws/install/udemy_ros2_pkg/local/lib/python3.10/dist-packages/udemy_ros2_pkg/srv/_odd_even_check_s.c
[12.142s] -- Up-to-date symlink: /home/arthemis/Documents/courses/ROS2_CPP/Workspaces/ros2_cpp_ws/install/udemy_ros2_pkg/local/lib/python3.10/dist-packages/udemy_ros2_pkg/udemy_ros2_pkg_s__rosidl_typesupport_c.cpython-310-x86_64-linux-gnu.so
[12.142s] -- Up-to-date symlink: /home/arthemis/Documents/courses/ROS2_CPP/Workspaces/ros2_cpp_ws/install/udemy_ros2_pkg/local/lib/python3.10/dist-packages/udemy_ros2_pkg/udemy_ros2_pkg_s__rosidl_typesupport_fastrtps_c.cpython-310-x86_64-linux-gnu.so
[12.143s] -- Up-to-date symlink: /home/arthemis/Documents/courses/ROS2_CPP/Workspaces/ros2_cpp_ws/install/udemy_ros2_pkg/local/lib/python3.10/dist-packages/udemy_ros2_pkg/udemy_ros2_pkg_s__rosidl_typesupport_introspection_c.cpython-310-x86_64-linux-gnu.so
[12.143s] -- Up-to-date symlink: /home/arthemis/Documents/courses/ROS2_CPP/Workspaces/ros2_cpp_ws/install/udemy_ros2_pkg/local/lib/python3.10/dist-packages/udemy_ros2_pkg/udemy_ros2_pkg_s__rosidl_typesupport_fastrtps_c.cpython-310-x86_64-linux-gnu.so
[12.143s] -- Up-to-date symlink: /home/arthemis/Documents/courses/ROS2_CPP/Workspaces/ros2_cpp_ws/install/udemy_ros2_pkg/local/lib/python3.10/dist-packages/udemy_ros2_pkg/udemy_ros2_pkg_s__rosidl_typesupport_introspection_c.cpython-310-x86_64-linux-gnu.so
[12.143s] -- Up-to-date symlink: /home/arthemis/Documents/courses/ROS2_CPP/Workspaces/ros2_cpp_ws/install/udemy_ros2_pkg/local/lib/python3.10/dist-packages/udemy_ros2_pkg/udemy_ros2_pkg_s__rosidl_typesupport_c.cpython-310-x86_64-linux-gnu.so
[12.144s] -- Up-to-date symlink: /home/arthemis/Documents/courses/ROS2_CPP/Workspaces/ros2_cpp_ws/install/udemy_ros2_pkg/share/udemy_ros2_pkg/srv/OddEvenCheck.idl
[12.144s] -- Up-to-date symlink: /home/arthemis/Documents/courses/ROS2_CPP/Workspaces/ros2_cpp_ws/install/udemy_ros2_pkg/share/udemy_ros2_pkg/srv/OddEvenCheck.srv
[12.144s] -- Up-to-date symlink: /home/arthemis/Documents/courses/ROS2_CPP/Workspaces/ros2_cpp_ws/install/udemy_ros2_pkg/share/udemy_ros2_pkg/srv/OddEvenCheck_Request.msg
[12.144s] -- Up-to-date symlink: /home/arthemis/Documents/courses/ROS2_CPP/Workspaces/ros2_cpp_ws/install/udemy_ros2_pkg/share/udemy_ros2_pkg/srv/OddEvenCheck_Response.msg
[12.145s] -- Up-to-date symlink: /home/arthemis/Documents/courses/ROS2_CPP/Workspaces/ros2_cpp_ws/install/udemy_ros2_pkg/lib/udemy_ros2_pkg/publisher
[12.145s] -- Up-to-date symlink: /home/arthemis/Documents/courses/ROS2_CPP/Workspaces/ros2_cpp_ws/install/udemy_ros2_pkg/lib/udemy_ros2_pkg/subscriber
[12.146s] -- Up-to-date symlink: /home/arthemis/Documents/courses/ROS2_CPP/Workspaces/ros2_cpp_ws/install/udemy_ros2_pkg/lib/udemy_ros2_pkg/rpm_pub
[12.146s] -- Up-to-date symlink: /home/arthemis/Documents/courses/ROS2_CPP/Workspaces/ros2_cpp_ws/install/udemy_ros2_pkg/lib/udemy_ros2_pkg/speed_calculation
[12.146s] -- Up-to-date symlink: /home/arthemis/Documents/courses/ROS2_CPP/Workspaces/ros2_cpp_ws/install/udemy_ros2_pkg/lib/udemy_ros2_pkg/service_server
[12.146s] -- Symlinking: /home/arthemis/Documents/courses/ROS2_CPP/Workspaces/ros2_cpp_ws/install/udemy_ros2_pkg/lib/udemy_ros2_pkg/service_client
[12.154s] -- Up-to-date symlink: /home/arthemis/Documents/courses/ROS2_CPP/Workspaces/ros2_cpp_ws/install/udemy_ros2_pkg/share/udemy_ros2_pkg//launch/rpm_node.launch.py
[12.154s] -- Up-to-date symlink: /home/arthemis/Documents/courses/ROS2_CPP/Workspaces/ros2_cpp_ws/install/udemy_ros2_pkg/share/ament_index/resource_index/package_run_dependencies/udemy_ros2_pkg
[12.154s] -- Up-to-date symlink: /home/arthemis/Documents/courses/ROS2_CPP/Workspaces/ros2_cpp_ws/install/udemy_ros2_pkg/share/ament_index/resource_index/parent_prefix_path/udemy_ros2_pkg
[12.154s] -- Up-to-date symlink: /home/arthemis/Documents/courses/ROS2_CPP/Workspaces/ros2_cpp_ws/install/udemy_ros2_pkg/share/udemy_ros2_pkg/environment/ament_prefix_path.sh
[12.155s] -- Up-to-date symlink: /home/arthemis/Documents/courses/ROS2_CPP/Workspaces/ros2_cpp_ws/install/udemy_ros2_pkg/share/udemy_ros2_pkg/environment/ament_prefix_path.dsv
[12.155s] -- Up-to-date symlink: /home/arthemis/Documents/courses/ROS2_CPP/Workspaces/ros2_cpp_ws/install/udemy_ros2_pkg/share/udemy_ros2_pkg/environment/path.sh
[12.155s] -- Up-to-date symlink: /home/arthemis/Documents/courses/ROS2_CPP/Workspaces/ros2_cpp_ws/install/udemy_ros2_pkg/share/udemy_ros2_pkg/environment/path.dsv
[12.155s] -- Up-to-date symlink: /home/arthemis/Documents/courses/ROS2_CPP/Workspaces/ros2_cpp_ws/install/udemy_ros2_pkg/share/udemy_ros2_pkg/local_setup.bash
[12.155s] -- Up-to-date symlink: /home/arthemis/Documents/courses/ROS2_CPP/Workspaces/ros2_cpp_ws/install/udemy_ros2_pkg/share/udemy_ros2_pkg/local_setup.sh
[12.156s] -- Up-to-date symlink: /home/arthemis/Documents/courses/ROS2_CPP/Workspaces/ros2_cpp_ws/install/udemy_ros2_pkg/share/udemy_ros2_pkg/local_setup.zsh
[12.156s] -- Up-to-date symlink: /home/arthemis/Documents/courses/ROS2_CPP/Workspaces/ros2_cpp_ws/install/udemy_ros2_pkg/share/udemy_ros2_pkg/local_setup.dsv
[12.156s] -- Symlinking: /home/arthemis/Documents/courses/ROS2_CPP/Workspaces/ros2_cpp_ws/install/udemy_ros2_pkg/share/udemy_ros2_pkg/package.dsv
[12.163s] -- Up-to-date symlink: /home/arthemis/Documents/courses/ROS2_CPP/Workspaces/ros2_cpp_ws/install/udemy_ros2_pkg/share/ament_index/resource_index/packages/udemy_ros2_pkg
[12.163s] -- Up-to-date symlink: /home/arthemis/Documents/courses/ROS2_CPP/Workspaces/ros2_cpp_ws/install/udemy_ros2_pkg/share/udemy_ros2_pkg/cmake/rosidl_cmake-extras.cmake
[12.163s] -- Up-to-date symlink: /home/arthemis/Documents/courses/ROS2_CPP/Workspaces/ros2_cpp_ws/install/udemy_ros2_pkg/share/udemy_ros2_pkg/cmake/ament_cmake_export_include_directories-extras.cmake
[12.164s] -- Up-to-date symlink: /home/arthemis/Documents/courses/ROS2_CPP/Workspaces/ros2_cpp_ws/install/udemy_ros2_pkg/share/udemy_ros2_pkg/cmake/ament_cmake_export_libraries-extras.cmake
[12.164s] -- Up-to-date symlink: /home/arthemis/Documents/courses/ROS2_CPP/Workspaces/ros2_cpp_ws/install/udemy_ros2_pkg/share/udemy_ros2_pkg/cmake/ament_cmake_export_targets-extras.cmake
[12.164s] -- Up-to-date symlink: /home/arthemis/Documents/courses/ROS2_CPP/Workspaces/ros2_cpp_ws/install/udemy_ros2_pkg/share/udemy_ros2_pkg/cmake/rosidl_cmake_export_typesupport_targets-extras.cmake
[12.164s] -- Up-to-date symlink: /home/arthemis/Documents/courses/ROS2_CPP/Workspaces/ros2_cpp_ws/install/udemy_ros2_pkg/share/udemy_ros2_pkg/cmake/ament_cmake_export_dependencies-extras.cmake
[12.165s] -- Up-to-date symlink: /home/arthemis/Documents/courses/ROS2_CPP/Workspaces/ros2_cpp_ws/install/udemy_ros2_pkg/share/udemy_ros2_pkg/cmake/rosidl_cmake_export_typesupport_libraries-extras.cmake
[12.165s] -- Up-to-date symlink: /home/arthemis/Documents/courses/ROS2_CPP/Workspaces/ros2_cpp_ws/install/udemy_ros2_pkg/share/udemy_ros2_pkg/cmake/udemy_ros2_pkgConfig.cmake
[12.165s] -- Up-to-date symlink: /home/arthemis/Documents/courses/ROS2_CPP/Workspaces/ros2_cpp_ws/install/udemy_ros2_pkg/share/udemy_ros2_pkg/cmake/udemy_ros2_pkgConfig-version.cmake
[12.165s] -- Up-to-date symlink: /home/arthemis/Documents/courses/ROS2_CPP/Workspaces/ros2_cpp_ws/install/udemy_ros2_pkg/share/udemy_ros2_pkg/package.xml
[12.165s] -- Up-to-date: /home/arthemis/Documents/courses/ROS2_CPP/Workspaces/ros2_cpp_ws/install/udemy_ros2_pkg/lib/libudemy_ros2_pkg__rosidl_generator_c.so
[12.166s] -- Up-to-date: /home/arthemis/Documents/courses/ROS2_CPP/Workspaces/ros2_cpp_ws/install/udemy_ros2_pkg/lib/libudemy_ros2_pkg__rosidl_typesupport_fastrtps_c.so
[12.166s] -- Up-to-date: /home/arthemis/Documents/courses/ROS2_CPP/Workspaces/ros2_cpp_ws/install/udemy_ros2_pkg/lib/libudemy_ros2_pkg__rosidl_typesupport_fastrtps_cpp.so
[12.166s] -- Up-to-date: /home/arthemis/Documents/courses/ROS2_CPP/Workspaces/ros2_cpp_ws/install/udemy_ros2_pkg/lib/libudemy_ros2_pkg__rosidl_typesupport_introspection_c.so
[12.166s] -- Up-to-date: /home/arthemis/Documents/courses/ROS2_CPP/Workspaces/ros2_cpp_ws/install/udemy_ros2_pkg/lib/libudemy_ros2_pkg__rosidl_typesupport_c.so
[12.166s] -- Up-to-date: /home/arthemis/Documents/courses/ROS2_CPP/Workspaces/ros2_cpp_ws/install/udemy_ros2_pkg/lib/libudemy_ros2_pkg__rosidl_typesupport_introspection_cpp.so
[12.166s] -- Up-to-date: /home/arthemis/Documents/courses/ROS2_CPP/Workspaces/ros2_cpp_ws/install/udemy_ros2_pkg/lib/libudemy_ros2_pkg__rosidl_typesupport_cpp.so
[12.197s] Listing '/home/arthemis/Documents/courses/ROS2_CPP/Workspaces/ros2_cpp_ws/install/udemy_ros2_pkg/local/lib/python3.10/dist-packages/udemy_ros2_pkg'...
[12.197s] Compiling '/home/arthemis/Documents/courses/ROS2_CPP/Workspaces/ros2_cpp_ws/install/udemy_ros2_pkg/local/lib/python3.10/dist-packages/udemy_ros2_pkg/__init__.py'...
[12.197s] Listing '/home/arthemis/Documents/courses/ROS2_CPP/Workspaces/ros2_cpp_ws/install/udemy_ros2_pkg/local/lib/python3.10/dist-packages/udemy_ros2_pkg/srv'...
[12.201s] -- Up-to-date: /home/arthemis/Documents/courses/ROS2_CPP/Workspaces/ros2_cpp_ws/install/udemy_ros2_pkg/lib/libudemy_ros2_pkg__rosidl_generator_py.so
[12.201s] -- Up-to-date: /home/arthemis/Documents/courses/ROS2_CPP/Workspaces/ros2_cpp_ws/install/udemy_ros2_pkg/share/udemy_ros2_pkg/cmake/export_udemy_ros2_pkg__rosidl_generator_cExport.cmake
[12.201s] -- Up-to-date: /home/arthemis/Documents/courses/ROS2_CPP/Workspaces/ros2_cpp_ws/install/udemy_ros2_pkg/share/udemy_ros2_pkg/cmake/export_udemy_ros2_pkg__rosidl_generator_cExport-relwithdebinfo.cmake
[12.201s] -- Up-to-date: /home/arthemis/Documents/courses/ROS2_CPP/Workspaces/ros2_cpp_ws/install/udemy_ros2_pkg/share/udemy_ros2_pkg/cmake/export_udemy_ros2_pkg__rosidl_typesupport_fastrtps_cExport.cmake
[12.202s] -- Up-to-date: /home/arthemis/Documents/courses/ROS2_CPP/Workspaces/ros2_cpp_ws/install/udemy_ros2_pkg/share/udemy_ros2_pkg/cmake/export_udemy_ros2_pkg__rosidl_typesupport_fastrtps_cExport-relwithdebinfo.cmake
[12.202s] -- Up-to-date: /home/arthemis/Documents/courses/ROS2_CPP/Workspaces/ros2_cpp_ws/install/udemy_ros2_pkg/share/udemy_ros2_pkg/cmake/export_udemy_ros2_pkg__rosidl_generator_cppExport.cmake
[12.202s] -- Up-to-date: /home/arthemis/Documents/courses/ROS2_CPP/Workspaces/ros2_cpp_ws/install/udemy_ros2_pkg/share/udemy_ros2_pkg/cmake/export_udemy_ros2_pkg__rosidl_typesupport_fastrtps_cppExport.cmake
[12.202s] -- Up-to-date: /home/arthemis/Documents/courses/ROS2_CPP/Workspaces/ros2_cpp_ws/install/udemy_ros2_pkg/share/udemy_ros2_pkg/cmake/export_udemy_ros2_pkg__rosidl_typesupport_fastrtps_cppExport-relwithdebinfo.cmake
[12.202s] -- Up-to-date: /home/arthemis/Documents/courses/ROS2_CPP/Workspaces/ros2_cpp_ws/install/udemy_ros2_pkg/share/udemy_ros2_pkg/cmake/udemy_ros2_pkg__rosidl_typesupport_introspection_cExport.cmake
[12.202s] -- Up-to-date: /home/arthemis/Documents/courses/ROS2_CPP/Workspaces/ros2_cpp_ws/install/udemy_ros2_pkg/share/udemy_ros2_pkg/cmake/udemy_ros2_pkg__rosidl_typesupport_introspection_cExport-relwithdebinfo.cmake
[12.203s] -- Up-to-date: /home/arthemis/Documents/courses/ROS2_CPP/Workspaces/ros2_cpp_ws/install/udemy_ros2_pkg/share/udemy_ros2_pkg/cmake/udemy_ros2_pkg__rosidl_typesupport_cExport.cmake
[12.203s] -- Up-to-date: /home/arthemis/Documents/courses/ROS2_CPP/Workspaces/ros2_cpp_ws/install/udemy_ros2_pkg/share/udemy_ros2_pkg/cmake/udemy_ros2_pkg__rosidl_typesupport_cExport-relwithdebinfo.cmake
[12.203s] -- Up-to-date: /home/arthemis/Documents/courses/ROS2_CPP/Workspaces/ros2_cpp_ws/install/udemy_ros2_pkg/share/udemy_ros2_pkg/cmake/udemy_ros2_pkg__rosidl_typesupport_introspection_cppExport.cmake
[12.203s] -- Up-to-date: /home/arthemis/Documents/courses/ROS2_CPP/Workspaces/ros2_cpp_ws/install/udemy_ros2_pkg/share/udemy_ros2_pkg/cmake/udemy_ros2_pkg__rosidl_typesupport_introspection_cppExport-relwithdebinfo.cmake
[12.203s] -- Up-to-date: /home/arthemis/Documents/courses/ROS2_CPP/Workspaces/ros2_cpp_ws/install/udemy_ros2_pkg/share/udemy_ros2_pkg/cmake/udemy_ros2_pkg__rosidl_typesupport_cppExport.cmake
[12.203s] -- Up-to-date: /home/arthemis/Documents/courses/ROS2_CPP/Workspaces/ros2_cpp_ws/install/udemy_ros2_pkg/share/udemy_ros2_pkg/cmake/udemy_ros2_pkg__rosidl_typesupport_cppExport-relwithdebinfo.cmake
[12.203s] -- Up-to-date: /home/arthemis/Documents/courses/ROS2_CPP/Workspaces/ros2_cpp_ws/install/udemy_ros2_pkg/share/udemy_ros2_pkg/cmake/export_udemy_ros2_pkg__rosidl_generator_pyExport.cmake
[12.203s] -- Up-to-date: /home/arthemis/Documents/courses/ROS2_CPP/Workspaces/ros2_cpp_ws/install/udemy_ros2_pkg/share/udemy_ros2_pkg/cmake/export_udemy_ros2_pkg__rosidl_generator_pyExport-relwithdebinfo.cmake
[12.206s] Invoked command in '/home/arthemis/Documents/courses/ROS2_CPP/Workspaces/ros2_cpp_ws/build/udemy_ros2_pkg' returned '0': CMAKE_PREFIX_PATH=/opt/ros/humble /usr/bin/cmake --install /home/arthemis/Documents/courses/ROS2_CPP/Workspaces/ros2_cpp_ws/build/udemy_ros2_pkg
