[0.028s] Invoking command in '/home/arthemis/Documents/courses/ROS2_CPP/Workspaces/ros2_cpp_ws/build/udemy_ros2_pkg': CMAKE_PREFIX_PATH=/opt/ros/humble /usr/bin/cmake --build /home/arthemis/Documents/courses/ROS2_CPP/Workspaces/ros2_cpp_ws/build/udemy_ros2_pkg -- -j12 -l12
[0.047s] -- Found ament_cmake: 1.3.6 (/opt/ros/humble/share/ament_cmake/cmake)
[0.167s] -- Override CMake install command with custom implementation using symlinks instead of copying resources
[0.173s] -- Found rclcpp: 16.0.7 (/opt/ros/humble/share/rclcpp/cmake)
[0.352s] -- Found rosidl_generator_c: 3.1.5 (/opt/ros/humble/share/rosidl_generator_c/cmake)
[0.355s] -- Found rosidl_adapter: 3.1.5 (/opt/ros/humble/share/rosidl_adapter/cmake)
[0.363s] -- Found rosidl_generator_cpp: 3.1.5 (/opt/ros/humble/share/rosidl_generator_cpp/cmake)
[0.380s] -- Using all available rosidl_typesupport_c: rosidl_typesupport_fastrtps_c;rosidl_typesupport_introspection_c
[0.399s] -- Using all available rosidl_typesupport_cpp: rosidl_typesupport_fastrtps_cpp;rosidl_typesupport_introspection_cpp
[0.483s] -- Found rmw_implementation_cmake: 6.1.1 (/opt/ros/humble/share/rmw_implementation_cmake/cmake)
[0.484s] -- Found rmw_fastrtps_cpp: 6.2.5 (/opt/ros/humble/share/rmw_fastrtps_cpp/cmake)
[7.113s] -- Using RMW implementation 'rmw_fastrtps_cpp' as default
[7.284s] -- Found rosidl_default_generators: 1.2.0 (/opt/ros/humble/share/rosidl_default_generators/cmake)
[7.298s] -- Found cv_bridge: 3.2.1 (/opt/ros/humble/share/cv_bridge/cmake)
[7.719s] -- Found ament_cmake_cppcheck: 0.12.9 (/opt/ros/humble/share/ament_cmake_cppcheck/cmake)
[7.720s] -- Found ament_cmake_cpplint: 0.12.9 (/opt/ros/humble/share/ament_cmake_cpplint/cmake)
[7.721s] -- Found ament_cmake_uncrustify: 0.12.9 (/opt/ros/humble/share/ament_cmake_uncrustify/cmake)
[7.722s] -- Found ament_cmake_ros: 0.10.0 (/opt/ros/humble/share/ament_cmake_ros/cmake)
[8.169s] -- Using all available rosidl_typesupport_c: rosidl_typesupport_fastrtps_c;rosidl_typesupport_introspection_c
[8.388s] -- Using all available rosidl_typesupport_cpp: rosidl_typesupport_fastrtps_cpp;rosidl_typesupport_introspection_cpp
[8.415s] -- Found python_cmake_module: 0.10.0 (/opt/ros/humble/share/python_cmake_module/cmake)
[8.438s] -- Using PYTHON_EXECUTABLE: /usr/bin/python3
[8.438s] -- Using PYTHON_INCLUDE_DIRS: /usr/include/python3.10
[8.438s] -- Using PYTHON_LIBRARIES: /usr/lib/x86_64-linux-gnu/libpython3.10.so
[8.493s] -- Found ament_cmake_flake8: 0.12.9 (/opt/ros/humble/share/ament_cmake_flake8/cmake)
[8.494s] -- Found ament_cmake_pep257: 0.12.9 (/opt/ros/humble/share/ament_cmake_pep257/cmake)
[8.503s] -- Found ament_lint_auto: 0.12.9 (/opt/ros/humble/share/ament_lint_auto/cmake)
[8.516s] -- Added test 'cppcheck' to perform static code analysis on C / C++ code
[8.517s] -- Configured cppcheck include dirs: 
[8.517s] -- Configured cppcheck exclude dirs and/or files: 
[8.517s] -- Added test 'cpplint' to check C / C++ code against the Google style
[8.517s] -- Configured cpplint exclude dirs and/or files: 
[8.518s] -- Added test 'uncrustify' to check C / C++ code style
[8.518s] -- Configured uncrustify additional arguments: 
[8.519s] -- Added test 'flake8' to check Python code syntax and style conventions
[8.519s] -- Added test 'pep257' to check Python code against some of the docstring style conventions in PEP 257
[8.519s] -- Added test 'lint_cmake' to check CMake code style
[8.520s] -- Added test 'xmllint' to check XML markup files
[8.524s] -- Configuring done
[8.662s] -- Generating done
[8.674s] -- Build files have been written to: /home/arthemis/Documents/courses/ROS2_CPP/Workspaces/ros2_cpp_ws/build/udemy_ros2_pkg
[8.700s] [  1%] [34m[1mGenerating C code for ROS interfaces[0m
[8.703s] [35m[1mConsolidate compiler generated dependencies of target publisher[0m
[8.704s] [35m[1mConsolidate compiler generated dependencies of target subscriber[0m
[8.704s] [35m[1mConsolidate compiler generated dependencies of target rpm_pub[0m
[8.708s] [35m[1mConsolidate compiler generated dependencies of target speed_calculation[0m
[8.712s] [  3%] [34m[1mGenerating C++ code for ROS interfaces[0m
[8.727s] [  3%] Built target ament_cmake_python_symlink_udemy_ros2_pkg
[8.741s] [ 11%] Built target rpm_pub
[8.742s] [ 13%] Built target speed_calculation
[8.742s] [ 16%] Built target subscriber
[8.743s] [ 18%] Built target publisher
[8.950s] running egg_info
[8.974s] writing udemy_ros2_pkg.egg-info/PKG-INFO
[8.975s] writing dependency_links to udemy_ros2_pkg.egg-info/dependency_links.txt
[8.975s] writing top-level names to udemy_ros2_pkg.egg-info/top_level.txt
[9.045s] reading manifest file 'udemy_ros2_pkg.egg-info/SOURCES.txt'
[9.046s] writing manifest file 'udemy_ros2_pkg.egg-info/SOURCES.txt'
[9.077s] [ 18%] Built target ament_cmake_python_build_udemy_ros2_pkg_egg
[9.160s] [ 18%] Built target udemy_ros2_pkg__cpp
[9.171s] [ 20%] [34m[1mGenerating C++ type support for eProsima Fast-RTPS[0m
[9.171s] [ 22%] [34m[1mGenerating C++ introspection for ROS interfaces[0m
[9.172s] [ 24%] [34m[1mGenerating C++ type support dispatch for ROS interfaces[0m
[9.210s] [35m[1mConsolidate compiler generated dependencies of target udemy_ros2_pkg__rosidl_generator_c[0m
[9.223s] [ 26%] [32mBuilding C object CMakeFiles/udemy_ros2_pkg__rosidl_generator_c.dir/rosidl_generator_c/udemy_ros2_pkg/srv/detail/image_from_angle__functions.c.o[0m
[9.227s] [ 28%] [32mBuilding C object CMakeFiles/udemy_ros2_pkg__rosidl_generator_c.dir/rosidl_generator_c/udemy_ros2_pkg/srv/detail/odd_even_check__functions.c.o[0m
[9.518s] [ 30%] [32m[1mLinking C shared library libudemy_ros2_pkg__rosidl_generator_c.so[0m
[9.578s] [35m[1mConsolidate compiler generated dependencies of target udemy_ros2_pkg__rosidl_typesupport_cpp[0m
[9.592s] [ 32%] [32mBuilding CXX object CMakeFiles/udemy_ros2_pkg__rosidl_typesupport_cpp.dir/rosidl_typesupport_cpp/udemy_ros2_pkg/srv/image_from_angle__type_support.cpp.o[0m
[9.596s] [ 33%] [32mBuilding CXX object CMakeFiles/udemy_ros2_pkg__rosidl_typesupport_cpp.dir/rosidl_typesupport_cpp/udemy_ros2_pkg/srv/odd_even_check__type_support.cpp.o[0m
[9.614s] [35m[1mConsolidate compiler generated dependencies of target udemy_ros2_pkg__rosidl_typesupport_introspection_cpp[0m
[9.629s] [ 37%] [32mBuilding CXX object CMakeFiles/udemy_ros2_pkg__rosidl_typesupport_introspection_cpp.dir/rosidl_typesupport_introspection_cpp/udemy_ros2_pkg/srv/detail/odd_even_check__type_support.cpp.o[0m
[9.629s] [ 37%] [32mBuilding CXX object CMakeFiles/udemy_ros2_pkg__rosidl_typesupport_introspection_cpp.dir/rosidl_typesupport_introspection_cpp/udemy_ros2_pkg/srv/detail/image_from_angle__type_support.cpp.o[0m
[9.648s] [35m[1mConsolidate compiler generated dependencies of target udemy_ros2_pkg__rosidl_typesupport_fastrtps_cpp[0m
[9.664s] [ 39%] [32mBuilding CXX object CMakeFiles/udemy_ros2_pkg__rosidl_typesupport_fastrtps_cpp.dir/rosidl_typesupport_fastrtps_cpp/udemy_ros2_pkg/srv/detail/dds_fastrtps/image_from_angle__type_support.cpp.o[0m
[9.665s] [ 41%] [32mBuilding CXX object CMakeFiles/udemy_ros2_pkg__rosidl_typesupport_fastrtps_cpp.dir/rosidl_typesupport_fastrtps_cpp/udemy_ros2_pkg/srv/detail/dds_fastrtps/odd_even_check__type_support.cpp.o[0m
[9.713s] [ 41%] Built target udemy_ros2_pkg__rosidl_generator_c
[9.723s] [ 43%] [34m[1mGenerating C type support for eProsima Fast-RTPS[0m
[9.725s] [ 45%] [34m[1mGenerating C introspection for ROS interfaces[0m
[9.737s] [ 47%] [34m[1mGenerating C type support dispatch for ROS interfaces[0m
[10.306s] [ 49%] [32m[1mLinking CXX shared library libudemy_ros2_pkg__rosidl_typesupport_cpp.so[0m
[10.329s] [35m[1mConsolidate compiler generated dependencies of target udemy_ros2_pkg__rosidl_typesupport_c[0m
[10.349s] [ 50%] [32mBuilding CXX object CMakeFiles/udemy_ros2_pkg__rosidl_typesupport_c.dir/rosidl_typesupport_c/udemy_ros2_pkg/srv/odd_even_check__type_support.cpp.o[0m
[10.350s] [ 52%] [32mBuilding CXX object CMakeFiles/udemy_ros2_pkg__rosidl_typesupport_c.dir/rosidl_typesupport_c/udemy_ros2_pkg/srv/image_from_angle__type_support.cpp.o[0m
[10.435s] [35m[1mConsolidate compiler generated dependencies of target udemy_ros2_pkg__rosidl_typesupport_fastrtps_c[0m
[10.462s] [ 54%] [32mBuilding CXX object CMakeFiles/udemy_ros2_pkg__rosidl_typesupport_fastrtps_c.dir/rosidl_typesupport_fastrtps_c/udemy_ros2_pkg/srv/detail/odd_even_check__type_support_c.cpp.o[0m
[10.463s] [ 56%] [32mBuilding CXX object CMakeFiles/udemy_ros2_pkg__rosidl_typesupport_fastrtps_c.dir/rosidl_typesupport_fastrtps_c/udemy_ros2_pkg/srv/detail/image_from_angle__type_support_c.cpp.o[0m
[10.466s] [ 58%] [32m[1mLinking CXX shared library libudemy_ros2_pkg__rosidl_typesupport_c.so[0m
[10.591s] [35m[1mConsolidate compiler generated dependencies of target udemy_ros2_pkg__rosidl_typesupport_introspection_c[0m
[10.612s] [ 58%] Built target udemy_ros2_pkg__rosidl_typesupport_cpp
[10.631s] [ 60%] [32mBuilding C object CMakeFiles/udemy_ros2_pkg__rosidl_typesupport_introspection_c.dir/rosidl_typesupport_introspection_c/udemy_ros2_pkg/srv/detail/odd_even_check__type_support.c.o[0m
[10.631s] [35m[1mConsolidate compiler generated dependencies of target service_client[0m
[10.637s] [ 62%] [32mBuilding C object CMakeFiles/udemy_ros2_pkg__rosidl_typesupport_introspection_c.dir/rosidl_typesupport_introspection_c/udemy_ros2_pkg/srv/detail/image_from_angle__type_support.c.o[0m
[10.637s] [35m[1mConsolidate compiler generated dependencies of target service_server[0m
[10.672s] [ 64%] [32mBuilding CXX object CMakeFiles/camera_service.dir/src/camera_service.cpp.o[0m
[10.695s] [ 66%] [32mBuilding CXX object CMakeFiles/service_server.dir/src/service_server.cpp.o[0m
[10.726s] [ 67%] [32mBuilding CXX object CMakeFiles/service_client.dir/src/service_client.cpp.o[0m
[10.760s] [ 69%] [32m[1mLinking CXX shared library libudemy_ros2_pkg__rosidl_typesupport_fastrtps_cpp.so[0m
[10.795s] [ 71%] [32m[1mLinking CXX shared library libudemy_ros2_pkg__rosidl_typesupport_introspection_cpp.so[0m
[10.825s] [ 73%] [32m[1mLinking C shared library libudemy_ros2_pkg__rosidl_typesupport_introspection_c.so[0m
[10.955s] [ 73%] Built target udemy_ros2_pkg__rosidl_typesupport_c
[11.410s] [ 73%] Built target udemy_ros2_pkg__rosidl_typesupport_introspection_c
[11.478s] [ 73%] Built target udemy_ros2_pkg__rosidl_typesupport_fastrtps_cpp
[11.491s] [ 73%] Built target udemy_ros2_pkg__rosidl_typesupport_introspection_cpp
[11.641s] [ 75%] [32m[1mLinking CXX shared library libudemy_ros2_pkg__rosidl_typesupport_fastrtps_c.so[0m
[12.014s] [ 75%] Built target udemy_ros2_pkg__rosidl_typesupport_fastrtps_c
[12.036s] [ 75%] Built target udemy_ros2_pkg
[12.055s] [ 77%] [34m[1mGenerating Python code for ROS interfaces[0m
[12.812s] [ 79%] [32m[1mLinking CXX executable camera_service[0m
[12.820s] [ 79%] Built target udemy_ros2_pkg__py
[12.829s] [35m[1mConsolidate compiler generated dependencies of target udemy_ros2_pkg__rosidl_generator_py[0m
[12.842s] [ 81%] [32mBuilding C object CMakeFiles/udemy_ros2_pkg__rosidl_generator_py.dir/rosidl_generator_py/udemy_ros2_pkg/srv/_image_from_angle_s.c.o[0m
[12.845s] [ 83%] [32mBuilding C object CMakeFiles/udemy_ros2_pkg__rosidl_generator_py.dir/rosidl_generator_py/udemy_ros2_pkg/srv/_odd_even_check_s.c.o[0m
[13.052s] [ 84%] [32m[1mLinking C shared library rosidl_generator_py/udemy_ros2_pkg/libudemy_ros2_pkg__rosidl_generator_py.so[0m
[13.218s] [ 84%] Built target udemy_ros2_pkg__rosidl_generator_py
[13.232s] [35m[1mConsolidate compiler generated dependencies of target udemy_ros2_pkg__rosidl_typesupport_introspection_c__pyext[0m
[13.232s] [35m[1mConsolidate compiler generated dependencies of target udemy_ros2_pkg__rosidl_typesupport_c__pyext[0m
[13.232s] [35m[1mConsolidate compiler generated dependencies of target udemy_ros2_pkg__rosidl_typesupport_fastrtps_c__pyext[0m
[13.246s] [ 86%] [32mBuilding C object CMakeFiles/udemy_ros2_pkg__rosidl_typesupport_introspection_c__pyext.dir/rosidl_generator_py/udemy_ros2_pkg/_udemy_ros2_pkg_s.ep.rosidl_typesupport_introspection_c.c.o[0m
[13.247s] [ 88%] [32mBuilding C object CMakeFiles/udemy_ros2_pkg__rosidl_typesupport_fastrtps_c__pyext.dir/rosidl_generator_py/udemy_ros2_pkg/_udemy_ros2_pkg_s.ep.rosidl_typesupport_fastrtps_c.c.o[0m
[13.248s] [ 90%] [32mBuilding C object CMakeFiles/udemy_ros2_pkg__rosidl_typesupport_c__pyext.dir/rosidl_generator_py/udemy_ros2_pkg/_udemy_ros2_pkg_s.ep.rosidl_typesupport_c.c.o[0m
[13.506s] [ 92%] [32m[1mLinking C shared library rosidl_generator_py/udemy_ros2_pkg/udemy_ros2_pkg_s__rosidl_typesupport_c.cpython-310-x86_64-linux-gnu.so[0m
[13.512s] [ 96%] [32m[1mLinking C shared library rosidl_generator_py/udemy_ros2_pkg/udemy_ros2_pkg_s__rosidl_typesupport_fastrtps_c.cpython-310-x86_64-linux-gnu.so[0m
[13.512s] [ 96%] [32m[1mLinking C shared library rosidl_generator_py/udemy_ros2_pkg/udemy_ros2_pkg_s__rosidl_typesupport_introspection_c.cpython-310-x86_64-linux-gnu.so[0m
[13.538s] /usr/bin/ld: /usr/lib/gcc/x86_64-linux-gnu/11/../../../x86_64-linux-gnu/Scrt1.o: in function `_start':
[13.538s] (.text+0x1b): undefined reference to `main'
[13.548s] collect2: error: ld returned 1 exit status
[13.550s] gmake[2]: *** [CMakeFiles/camera_service.dir/build.make:231: camera_service] Error 1
[13.550s] gmake[1]: *** [CMakeFiles/Makefile2:763: CMakeFiles/camera_service.dir/all] Error 2
[13.550s] gmake[1]: *** Waiting for unfinished jobs....
[13.691s] [ 96%] Built target udemy_ros2_pkg__rosidl_typesupport_fastrtps_c__pyext
[13.695s] [ 96%] Built target udemy_ros2_pkg__rosidl_typesupport_c__pyext
[13.729s] [ 96%] Built target udemy_ros2_pkg__rosidl_typesupport_introspection_c__pyext
[17.810s] [ 98%] [32m[1mLinking CXX executable service_server[0m
[17.825s] [100%] [32m[1mLinking CXX executable service_client[0m
[18.091s] [100%] Built target service_server
[18.105s] [100%] Built target service_client
[18.106s] gmake: *** [Makefile:146: all] Error 2
[18.112s] Invoked command in '/home/arthemis/Documents/courses/ROS2_CPP/Workspaces/ros2_cpp_ws/build/udemy_ros2_pkg' returned '2': CMAKE_PREFIX_PATH=/opt/ros/humble /usr/bin/cmake --build /home/arthemis/Documents/courses/ROS2_CPP/Workspaces/ros2_cpp_ws/build/udemy_ros2_pkg -- -j12 -l12
