[0.026s] Invoking command in '/home/arthemis/Documents/courses/ROS2_CPP/Workspaces/ros2_cpp_ws/build/udemy_ros2_pkg': CMAKE_PREFIX_PATH=/opt/ros/humble /usr/bin/cmake --build /home/arthemis/Documents/courses/ROS2_CPP/Workspaces/ros2_cpp_ws/build/udemy_ros2_pkg -- -j12 -l12
[0.040s] [33mCMake Warning (dev) at CMakeLists.txt:21:
[0.040s]   Syntax Warning in cmake code at column 71
[0.041s] 
[0.041s]   Argument not separated from preceding token by whitespace.
[0.041s] This warning is for project developers.  Use -Wno-dev to suppress it.
[0.041s] [0m
[0.045s] -- Found ament_cmake: 1.3.6 (/opt/ros/humble/share/ament_cmake/cmake)
[0.176s] -- Override CMake install command with custom implementation using symlinks instead of copying resources
[0.184s] -- Found rclcpp: 16.0.7 (/opt/ros/humble/share/rclcpp/cmake)
[0.352s] -- Found rosidl_generator_c: 3.1.5 (/opt/ros/humble/share/rosidl_generator_c/cmake)
[0.355s] -- Found rosidl_adapter: 3.1.5 (/opt/ros/humble/share/rosidl_adapter/cmake)
[0.361s] -- Found rosidl_generator_cpp: 3.1.5 (/opt/ros/humble/share/rosidl_generator_cpp/cmake)
[0.373s] -- Using all available rosidl_typesupport_c: rosidl_typesupport_fastrtps_c;rosidl_typesupport_introspection_c
[0.388s] -- Using all available rosidl_typesupport_cpp: rosidl_typesupport_fastrtps_cpp;rosidl_typesupport_introspection_cpp
[0.446s] -- Found rmw_implementation_cmake: 6.1.1 (/opt/ros/humble/share/rmw_implementation_cmake/cmake)
[0.447s] -- Found rmw_fastrtps_cpp: 6.2.5 (/opt/ros/humble/share/rmw_fastrtps_cpp/cmake)
[6.007s] -- Using RMW implementation 'rmw_fastrtps_cpp' as default
[6.162s] -- Found rosidl_default_generators: 1.2.0 (/opt/ros/humble/share/rosidl_default_generators/cmake)
[6.375s] -- Found ament_cmake_cppcheck: 0.12.9 (/opt/ros/humble/share/ament_cmake_cppcheck/cmake)
[6.376s] -- Found ament_cmake_cpplint: 0.12.9 (/opt/ros/humble/share/ament_cmake_cpplint/cmake)
[6.377s] -- Found ament_cmake_uncrustify: 0.12.9 (/opt/ros/humble/share/ament_cmake_uncrustify/cmake)
[6.378s] -- Found ament_cmake_ros: 0.10.0 (/opt/ros/humble/share/ament_cmake_ros/cmake)
[6.637s] -- Using all available rosidl_typesupport_c: rosidl_typesupport_fastrtps_c;rosidl_typesupport_introspection_c
[6.736s] -- Using all available rosidl_typesupport_cpp: rosidl_typesupport_fastrtps_cpp;rosidl_typesupport_introspection_cpp
[6.755s] -- Found python_cmake_module: 0.10.0 (/opt/ros/humble/share/python_cmake_module/cmake)
[6.776s] -- Using PYTHON_EXECUTABLE: /usr/bin/python3
[6.776s] -- Using PYTHON_INCLUDE_DIRS: /usr/include/python3.10
[6.776s] -- Using PYTHON_LIBRARIES: /usr/lib/x86_64-linux-gnu/libpython3.10.so
[6.786s] -- Found ament_cmake_flake8: 0.12.9 (/opt/ros/humble/share/ament_cmake_flake8/cmake)
[6.787s] -- Found ament_cmake_pep257: 0.12.9 (/opt/ros/humble/share/ament_cmake_pep257/cmake)
[6.792s] -- Found ament_lint_auto: 0.12.9 (/opt/ros/humble/share/ament_lint_auto/cmake)
[6.800s] -- Added test 'cppcheck' to perform static code analysis on C / C++ code
[6.801s] -- Configured cppcheck include dirs: 
[6.801s] -- Configured cppcheck exclude dirs and/or files: 
[6.801s] -- Added test 'cpplint' to check C / C++ code against the Google style
[6.801s] -- Configured cpplint exclude dirs and/or files: 
[6.802s] -- Added test 'uncrustify' to check C / C++ code style
[6.802s] -- Configured uncrustify additional arguments: 
[6.802s] -- Added test 'flake8' to check Python code syntax and style conventions
[6.803s] -- Added test 'pep257' to check Python code against some of the docstring style conventions in PEP 257
[6.803s] -- Added test 'lint_cmake' to check CMake code style
[6.803s] -- Added test 'xmllint' to check XML markup files
[6.806s] -- Configuring done
[6.809s] [0mCMake Error: The following variables are used in this project, but they are set to NOTFOUND.
[6.809s] Please set them or make sure they are set and tested correctly in the CMake files:
[6.809s] udemy_ros2_pkg__,
[6.809s]     linked by target "service_server" in directory /home/arthemis/Documents/courses/ROS2_CPP/Workspaces/ros2_cpp_ws/src/udemy_ros2_pkg
[6.809s] [0m
[6.851s] -- Generating done
[6.855s] [0mCMake Generate step failed.  Build files cannot be regenerated correctly.[0m
[6.862s] gmake: *** [Makefile:911: cmake_check_build_system] Error 1
[6.865s] Invoked command in '/home/arthemis/Documents/courses/ROS2_CPP/Workspaces/ros2_cpp_ws/build/udemy_ros2_pkg' returned '2': CMAKE_PREFIX_PATH=/opt/ros/humble /usr/bin/cmake --build /home/arthemis/Documents/courses/ROS2_CPP/Workspaces/ros2_cpp_ws/build/udemy_ros2_pkg -- -j12 -l12
