[0.022s] Invoking command in '/home/arthemis/Documents/courses/ROS2_CPP/Workspaces/ros2_cpp_ws/build/udemy_ros2_pkg': CMAKE_PREFIX_PATH=/opt/ros/humble /usr/bin/cmake --build /home/arthemis/Documents/courses/ROS2_CPP/Workspaces/ros2_cpp_ws/build/udemy_ros2_pkg -- -j12 -l12
[0.047s] -- Found ament_cmake: 1.3.6 (/opt/ros/humble/share/ament_cmake/cmake)
[0.175s] -- Override CMake install command with custom implementation using symlinks instead of copying resources
[0.199s] -- Found rclcpp: 16.0.7 (/opt/ros/humble/share/rclcpp/cmake)
[0.375s] -- Found rosidl_generator_c: 3.1.5 (/opt/ros/humble/share/rosidl_generator_c/cmake)
[0.379s] -- Found rosidl_adapter: 3.1.5 (/opt/ros/humble/share/rosidl_adapter/cmake)
[0.391s] -- Found rosidl_generator_cpp: 3.1.5 (/opt/ros/humble/share/rosidl_generator_cpp/cmake)
[0.410s] -- Using all available rosidl_typesupport_c: rosidl_typesupport_fastrtps_c;rosidl_typesupport_introspection_c
[0.437s] -- Using all available rosidl_typesupport_cpp: rosidl_typesupport_fastrtps_cpp;rosidl_typesupport_introspection_cpp
[0.519s] -- Found rmw_implementation_cmake: 6.1.1 (/opt/ros/humble/share/rmw_implementation_cmake/cmake)
[0.524s] -- Found rmw_fastrtps_cpp: 6.2.5 (/opt/ros/humble/share/rmw_fastrtps_cpp/cmake)
[6.159s] -- Using RMW implementation 'rmw_fastrtps_cpp' as default
[6.354s] -- Found ament_lint_auto: 0.12.9 (/opt/ros/humble/share/ament_lint_auto/cmake)
[6.423s] -- Added test 'cppcheck' to perform static code analysis on C / C++ code
[6.423s] -- Configured cppcheck include dirs: 
[6.423s] -- Configured cppcheck exclude dirs and/or files: 
[6.424s] -- Added test 'flake8' to check Python code syntax and style conventions
[6.425s] -- Added test 'lint_cmake' to check CMake code style
[6.425s] -- Added test 'pep257' to check Python code against some of the docstring style conventions in PEP 257
[6.426s] -- Added test 'uncrustify' to check C / C++ code style
[6.427s] -- Configured uncrustify additional arguments: 
[6.427s] -- Added test 'xmllint' to check XML markup files
[6.430s] -- Configuring done
[6.452s] -- Generating done
[6.455s] -- Build files have been written to: /home/arthemis/Documents/courses/ROS2_CPP/Workspaces/ros2_cpp_ws/build/udemy_ros2_pkg
[6.475s] [35m[1mConsolidate compiler generated dependencies of target publisher[0m
[6.475s] [35m[1mConsolidate compiler generated dependencies of target subscriber[0m
[6.475s] [35m[1mConsolidate compiler generated dependencies of target rpm_pub[0m
[6.476s] [35m[1mConsolidate compiler generated dependencies of target speed_calculation[0m
[6.491s] [ 12%] [32mBuilding CXX object CMakeFiles/speed_calculation.dir/src/pub_sub_speed.cpp.o[0m
[6.491s] [ 37%] Built target rpm_pub
[6.492s] [ 62%] Built target subscriber
[6.492s] [ 87%] Built target publisher
[19.588s] [100%] [32m[1mLinking CXX executable speed_calculation[0m
[19.920s] [100%] Built target speed_calculation
[19.930s] Invoked command in '/home/arthemis/Documents/courses/ROS2_CPP/Workspaces/ros2_cpp_ws/build/udemy_ros2_pkg' returned '0': CMAKE_PREFIX_PATH=/opt/ros/humble /usr/bin/cmake --build /home/arthemis/Documents/courses/ROS2_CPP/Workspaces/ros2_cpp_ws/build/udemy_ros2_pkg -- -j12 -l12
[19.961s] Invoking command in '/home/arthemis/Documents/courses/ROS2_CPP/Workspaces/ros2_cpp_ws/build/udemy_ros2_pkg': CMAKE_PREFIX_PATH=/opt/ros/humble /usr/bin/cmake --install /home/arthemis/Documents/courses/ROS2_CPP/Workspaces/ros2_cpp_ws/build/udemy_ros2_pkg
[19.965s] -- Install configuration: "RelWithDebInfo"
[19.965s] -- Execute custom install script
[19.965s] -- Up-to-date symlink: /home/arthemis/Documents/courses/ROS2_CPP/Workspaces/ros2_cpp_ws/install/udemy_ros2_pkg/lib/udemy_ros2_pkg/publisher
[19.966s] -- Up-to-date symlink: /home/arthemis/Documents/courses/ROS2_CPP/Workspaces/ros2_cpp_ws/install/udemy_ros2_pkg/lib/udemy_ros2_pkg/subscriber
[19.966s] -- Up-to-date symlink: /home/arthemis/Documents/courses/ROS2_CPP/Workspaces/ros2_cpp_ws/install/udemy_ros2_pkg/lib/udemy_ros2_pkg/rpm_pub
[19.966s] -- Up-to-date symlink: /home/arthemis/Documents/courses/ROS2_CPP/Workspaces/ros2_cpp_ws/install/udemy_ros2_pkg/lib/udemy_ros2_pkg/speed_calculation
[19.966s] -- Symlinking: /home/arthemis/Documents/courses/ROS2_CPP/Workspaces/ros2_cpp_ws/install/udemy_ros2_pkg/share/udemy_ros2_pkg//launch/rpm_node.launch.py
[19.973s] -- Up-to-date symlink: /home/arthemis/Documents/courses/ROS2_CPP/Workspaces/ros2_cpp_ws/install/udemy_ros2_pkg/share/ament_index/resource_index/package_run_dependencies/udemy_ros2_pkg
[19.974s] -- Up-to-date symlink: /home/arthemis/Documents/courses/ROS2_CPP/Workspaces/ros2_cpp_ws/install/udemy_ros2_pkg/share/ament_index/resource_index/parent_prefix_path/udemy_ros2_pkg
[19.974s] -- Up-to-date symlink: /home/arthemis/Documents/courses/ROS2_CPP/Workspaces/ros2_cpp_ws/install/udemy_ros2_pkg/share/udemy_ros2_pkg/environment/ament_prefix_path.sh
[19.974s] -- Up-to-date symlink: /home/arthemis/Documents/courses/ROS2_CPP/Workspaces/ros2_cpp_ws/install/udemy_ros2_pkg/share/udemy_ros2_pkg/environment/ament_prefix_path.dsv
[19.974s] -- Up-to-date symlink: /home/arthemis/Documents/courses/ROS2_CPP/Workspaces/ros2_cpp_ws/install/udemy_ros2_pkg/share/udemy_ros2_pkg/environment/path.sh
[19.974s] -- Up-to-date symlink: /home/arthemis/Documents/courses/ROS2_CPP/Workspaces/ros2_cpp_ws/install/udemy_ros2_pkg/share/udemy_ros2_pkg/environment/path.dsv
[19.975s] -- Up-to-date symlink: /home/arthemis/Documents/courses/ROS2_CPP/Workspaces/ros2_cpp_ws/install/udemy_ros2_pkg/share/udemy_ros2_pkg/local_setup.bash
[19.975s] -- Up-to-date symlink: /home/arthemis/Documents/courses/ROS2_CPP/Workspaces/ros2_cpp_ws/install/udemy_ros2_pkg/share/udemy_ros2_pkg/local_setup.sh
[19.975s] -- Up-to-date symlink: /home/arthemis/Documents/courses/ROS2_CPP/Workspaces/ros2_cpp_ws/install/udemy_ros2_pkg/share/udemy_ros2_pkg/local_setup.zsh
[19.975s] -- Up-to-date symlink: /home/arthemis/Documents/courses/ROS2_CPP/Workspaces/ros2_cpp_ws/install/udemy_ros2_pkg/share/udemy_ros2_pkg/local_setup.dsv
[19.976s] -- Symlinking: /home/arthemis/Documents/courses/ROS2_CPP/Workspaces/ros2_cpp_ws/install/udemy_ros2_pkg/share/udemy_ros2_pkg/package.dsv
[19.981s] -- Up-to-date symlink: /home/arthemis/Documents/courses/ROS2_CPP/Workspaces/ros2_cpp_ws/install/udemy_ros2_pkg/share/ament_index/resource_index/packages/udemy_ros2_pkg
[19.982s] -- Up-to-date symlink: /home/arthemis/Documents/courses/ROS2_CPP/Workspaces/ros2_cpp_ws/install/udemy_ros2_pkg/share/udemy_ros2_pkg/cmake/udemy_ros2_pkgConfig.cmake
[19.982s] -- Up-to-date symlink: /home/arthemis/Documents/courses/ROS2_CPP/Workspaces/ros2_cpp_ws/install/udemy_ros2_pkg/share/udemy_ros2_pkg/cmake/udemy_ros2_pkgConfig-version.cmake
[19.982s] -- Up-to-date symlink: /home/arthemis/Documents/courses/ROS2_CPP/Workspaces/ros2_cpp_ws/install/udemy_ros2_pkg/share/udemy_ros2_pkg/package.xml
[19.985s] Invoked command in '/home/arthemis/Documents/courses/ROS2_CPP/Workspaces/ros2_cpp_ws/build/udemy_ros2_pkg' returned '0': CMAKE_PREFIX_PATH=/opt/ros/humble /usr/bin/cmake --install /home/arthemis/Documents/courses/ROS2_CPP/Workspaces/ros2_cpp_ws/build/udemy_ros2_pkg
