[0.027s] Invoking command in '/home/arthemis/Documents/courses/ROS2_CPP/Workspaces/ros2_cpp_ws/build/udemy_ros2_pkg': CMAKE_PREFIX_PATH=/opt/ros/humble /usr/bin/cmake --build /home/arthemis/Documents/courses/ROS2_CPP/Workspaces/ros2_cpp_ws/build/udemy_ros2_pkg -- -j12 -l12
[0.079s] -- Found ament_cmake: 1.3.6 (/opt/ros/humble/share/ament_cmake/cmake)
[0.207s] -- Override CMake install command with custom implementation using symlinks instead of copying resources
[0.219s] -- Found rclcpp: 16.0.7 (/opt/ros/humble/share/rclcpp/cmake)
[0.374s] -- Found rosidl_generator_c: 3.1.5 (/opt/ros/humble/share/rosidl_generator_c/cmake)
[0.377s] -- Found rosidl_adapter: 3.1.5 (/opt/ros/humble/share/rosidl_adapter/cmake)
[0.384s] -- Found rosidl_generator_cpp: 3.1.5 (/opt/ros/humble/share/rosidl_generator_cpp/cmake)
[0.396s] -- Using all available rosidl_typesupport_c: rosidl_typesupport_fastrtps_c;rosidl_typesupport_introspection_c
[0.415s] -- Using all available rosidl_typesupport_cpp: rosidl_typesupport_fastrtps_cpp;rosidl_typesupport_introspection_cpp
[0.498s] -- Found rmw_implementation_cmake: 6.1.1 (/opt/ros/humble/share/rmw_implementation_cmake/cmake)
[0.500s] -- Found rmw_fastrtps_cpp: 6.2.5 (/opt/ros/humble/share/rmw_fastrtps_cpp/cmake)
[6.898s] -- Using RMW implementation 'rmw_fastrtps_cpp' as default
[7.075s] -- Found rosidl_default_generators: 1.2.0 (/opt/ros/humble/share/rosidl_default_generators/cmake)
[8.572s] [31mCMake Error at CMakeLists.txt:13 (find_package):
[8.572s]   By not providing "FindOpenCv.cmake" in CMAKE_MODULE_PATH this project has
[8.572s]   asked CMake to find a package configuration file provided by "OpenCv", but
[8.572s]   CMake did not find one.
[8.572s] 
[8.572s]   Could not find a package configuration file provided by "OpenCv" with any
[8.572s]   of the following names:
[8.572s] 
[8.573s]     OpenCvConfig.cmake
[8.573s]     opencv-config.cmake
[8.573s] 
[8.573s]   Add the installation prefix of "OpenCv" to CMAKE_PREFIX_PATH or set
[8.573s]   "OpenCv_DIR" to a directory containing one of the above files.  If "OpenCv"
[8.573s]   provides a separate development package or SDK, be sure it has been
[8.573s]   installed.
[8.573s] 
[8.573s] [0m
[8.573s] -- Configuring incomplete, errors occurred!
[8.573s] See also "/home/arthemis/Documents/courses/ROS2_CPP/Workspaces/ros2_cpp_ws/build/udemy_ros2_pkg/CMakeFiles/CMakeOutput.log".
[8.579s] gmake: *** [Makefile:993: cmake_check_build_system] Error 1
[8.582s] Invoked command in '/home/arthemis/Documents/courses/ROS2_CPP/Workspaces/ros2_cpp_ws/build/udemy_ros2_pkg' returned '2': CMAKE_PREFIX_PATH=/opt/ros/humble /usr/bin/cmake --build /home/arthemis/Documents/courses/ROS2_CPP/Workspaces/ros2_cpp_ws/build/udemy_ros2_pkg -- -j12 -l12
